<?xml version="1.0" encoding="UTF-8"?>
<testsuites name="Retry failed executions immediately" time="3000.189" tests="3" failures="3" errors="0">
   <testsuite name="Retry failed executions immediately" tests="3" failures="3" errors="0" time="3000.189" skipped="0" timestamp="29-05-2025T15:35:33" hostname="nhi.ly - localhost" id="Test Suites/Full status/Retry failed executions immediately">
      <properties>
[...]
</properties>
      <testcase name="Test Cases/Main Test Cases/TC7_Verify Successful Failed" time="19.035" classname="Test Cases/Main Test Cases/TC7_Verify Successful Failed" status="FAILED">
         <properties>
            <property name="data_binding"><![CDATA[{"Username":"John Doe","Password":"ThisIsNotAPassword"}]]></property>
         </properties>
         <failure type="FAILED" message="Test Cases/Main Test Cases/TC7_Verify Successful Failed FAILED.&#xa;Reason:&#xa;com.kms.katalon.core.exception.StepFailedException: Unable to verify text 'abc 123' is present &#xa;	at com.kms.katalon.core.webui.keyword.internal.WebUIKeywordMain.stepFailed(WebUIKeywordMain.groovy:117)&#xa;	at com.kms.katalon.core.webui.keyword.internal.WebUIKeywordMain.runKeyword(WebUIKeywordMain.groovy:43)&#xa;	at com.kms.katalon.core.webui.keyword.builtin.VerifyTextPresentKeyword.verifyTextPresent(VerifyTextPresentKeyword.groovy:83)&#xa;	at com.kms.katalon.core.webui.keyword.builtin.VerifyTextPresentKeyword.execute(VerifyTextPresentKeyword.groovy:68)&#xa;	at com.kms.katalon.core.keyword.internal.KeywordExecutor.executeKeywordForPlatform(KeywordExecutor.groovy:74)&#xa;	at com.kms.katalon.core.webui.keyword.WebUiBuiltInKeywords.verifyTextPresent(WebUiBuiltInKeywords.groovy:1799)&#xa;	at TC7_Verify Successful Failed.run(TC7_Verify Successful Failed:13)&#xa;	at com.kms.katalon.core.main.ScriptEngine.run(ScriptEngine.java:194)&#xa;	at com.kms.katalon.core.main.ScriptEngine.runScriptAsRawText(ScriptEngine.java:119)&#xa;	at com.kms.katalon.core.main.TestCaseExecutor.runScript(TestCaseExecutor.java:486)&#xa;	at com.kms.katalon.core.main.TestCaseExecutor.doExecute(TestCaseExecutor.java:477)&#xa;	at com.kms.katalon.core.main.TestCaseExecutor.processExecutionPhase(TestCaseExecutor.java:456)&#xa;	at com.kms.katalon.core.main.TestCaseExecutor.accessMainPhase(TestCaseExecutor.java:448)&#xa;	at com.kms.katalon.core.main.TestCaseExecutor.execute(TestCaseExecutor.java:322)&#xa;	at com.kms.katalon.core.main.TestCaseExecutor.execute(TestCaseExecutor.java:406)&#xa;	at com.kms.katalon.core.main.TestCaseExecutor.execute(TestCaseExecutor.java:406)&#xa;	at com.kms.katalon.core.main.TestCaseExecutor.execute(TestCaseExecutor.java:406)&#xa;	at com.kms.katalon.core.main.TestCaseExecutor.execute(TestCaseExecutor.java:406)&#xa;	at com.kms.katalon.core.main.TestCaseExecutor.execute(TestCaseExecutor.java:406)&#xa;	at com.kms.katalon.core.main.TestCaseExecutor.execute(TestCaseExecutor.java:406)&#xa;	at com.kms.katalon.core.main.TestCaseExecutor.execute(TestCaseExecutor.java:406)&#xa;	at com.kms.katalon.core.main.TestCaseExecutor.execute(TestCaseExecutor.java:406)&#xa;	at com.kms.katalon.core.main.TestCaseExecutor.execute(TestCaseExecutor.java:406)&#xa;	at com.kms.katalon.core.main.TestCaseExecutor.execute(TestCaseExecutor.java:406)&#xa;	at com.kms.katalon.core.main.TestCaseExecutor.execute(TestCaseExecutor.java:406)&#xa;	at com.kms.katalon.core.main.TestCaseExecutor.execute(TestCaseExecutor.java:406)&#xa;	at com.kms.katalon.core.main.TestCaseExecutor.execute(TestCaseExecutor.java:406)&#xa;	at com.kms.katalon.core.main.TestCaseExecutor.execute(TestCaseExecutor.java:406)&#xa;	at com.kms.katalon.core.main.TestCaseExecutor.execute(TestCaseExecutor.java:406)&#xa;	at com.kms.katalon.core.main.TestCaseExecutor.execute(TestCaseExecutor.java:406)&#xa;	at com.kms.katalon.core.main.TestCaseExecutor.execute(TestCaseExecutor.java:406)&#xa;	at com.kms.katalon.core.main.TestCaseExecutor.execute(TestCaseExecutor.java:406)&#xa;	at com.kms.katalon.core.main.TestCaseExecutor.execute(TestCaseExecutor.java:406)&#xa;	at com.kms.katalon.core.main.TestCaseExecutor.execute(TestCaseExecutor.java:406)&#xa;	at com.kms.katalon.core.main.TestCaseExecutor.execute(TestCaseExecutor.java:406)&#xa;	at com.kms.katalon.core.main.TestCaseExecutor.execute(TestCaseExecutor.java:406)&#xa;	at com.kms.katalon.core.main.TestCaseExecutor.execute(TestCaseExecutor.java:406)&#xa;	at com.kms.katalon.core.main.TestCaseExecutor.execute(TestCaseExecutor.java:406)&#xa;	at com.kms.katalon.core.main.TestCaseExecutor.execute(TestCaseExecutor.java:406)&#xa;	at com.kms.katalon.core.main.TestCaseExecutor.execute(TestCaseExecutor.java:406)&#xa;	at com.kms.katalon.core.main.TestCaseExecutor.execute(TestCaseExecutor.java:406)&#xa;	at com.kms.katalon.core.main.TestCaseExecutor.execute(TestCaseExecutor.java:406)&#xa;	at com.kms.katalon.core.main.TestCaseExecutor.execute(TestCaseExecutor.java:406)&#xa;	at com.kms.katalon.core.main.TestCaseExecutor.execute(TestCaseExecutor.java:406)&#xa;	at com.kms.katalon.core.main.TestCaseExecutor.execute(TestCaseExecutor.java:406)&#xa;	at com.kms.katalon.core.main.TestCaseExecutor.execute(TestCaseExecutor.java:406)&#xa;	at com.kms.katalon.core.main.TestCaseExecutor.execute(TestCaseExecutor.java:406)&#xa;	at com.kms.katalon.core.main.TestCaseExecutor.execute(TestCaseExecutor.java:406)&#xa;	at com.kms.katalon.core.main.TestCaseExecutor.execute(TestCaseExecutor.java:406)&#xa;	at com.kms.katalon.core.main.TestCaseExecutor.execute(TestCaseExecutor.java:406)&#xa;	at com.kms.katalon.core.main.TestCaseExecutor.execute(TestCaseExecutor.java:406)&#xa;	at com.kms.katalon.core.main.TestCaseExecutor.execute(TestCaseExecutor.java:406)&#xa;	at com.kms.katalon.core.main.TestCaseExecutor.execute(TestCaseExecutor.java:406)&#xa;	at com.kms.katalon.core.main.TestCaseExecutor.execute(TestCaseExecutor.java:406)&#xa;	at com.kms.katalon.core.main.TestCaseExecutor.execute(TestCaseExecutor.java:406)&#xa;	at com.kms.katalon.core.main.TestCaseExecutor.execute(TestCaseExecutor.java:406)&#xa;	at com.kms.katalon.core.main.TestCaseExecutor.execute(TestCaseExecutor.java:406)&#xa;	at com.kms.katalon.core.main.TestCaseExecutor.execute(TestCaseExecutor.java:406)&#xa;	at com.kms.katalon.core.main.TestCaseExecutor.execute(TestCaseExecutor.java:406)&#xa;	at com.kms.katalon.core.main.TestCaseExecutor.execute(TestCaseExecutor.java:406)&#xa;	at com.kms.katalon.core.main.TestCaseExecutor.execute(TestCaseExecutor.java:406)&#xa;	at com.kms.katalon.core.main.TestCaseExecutor.execute(TestCaseExecutor.java:406)&#xa;	at com.kms.katalon.core.main.TestCaseExecutor.execute(TestCaseExecutor.java:406)&#xa;	at com.kms.katalon.core.main.TestCaseExecutor.execute(TestCaseExecutor.java:406)&#xa;	at com.kms.katalon.core.common.CommonExecutor.accessTestCaseMainPhase(CommonExecutor.java:71)&#xa;	at com.kms.katalon.core.main.TestSuiteExecutor.accessTestSuiteMainPhase(TestSuiteExecutor.java:160)&#xa;	at com.kms.katalon.core.main.TestSuiteExecutor.execute(TestSuiteExecutor.java:107)&#xa;	at com.kms.katalon.core.main.TestCaseMain.startTestSuite(TestCaseMain.java:186)&#xa;	at TempTestSuite1748507727570.run(TempTestSuite1748507727570.groovy:35)&#xa;	at java.base/jdk.internal.reflect.NativeMethodAccessorImpl.invoke0(Native Method)&#xa;	at java.base/jdk.internal.reflect.NativeMethodAccessorImpl.invoke(NativeMethodAccessorImpl.java:77)&#xa;	at java.base/jdk.internal.reflect.DelegatingMethodAccessorImpl.invoke(DelegatingMethodAccessorImpl.java:43)&#xa;Caused by: com.kms.katalon.core.exception.StepFailedException: Text 'abc 123' is not present on page &#xa;	at com.kms.katalon.core.webui.keyword.internal.WebUIKeywordMain.stepFailed(WebUIKeywordMain.groovy:117)&#xa;	at com.kms.katalon.core.webui.keyword.builtin.VerifyTextPresentKeyword$_verifyTextPresent_closure1.doCall(VerifyTextPresentKeyword.groovy:79)&#xa;	at com.kms.katalon.core.webui.keyword.builtin.VerifyTextPresentKeyword$_verifyTextPresent_closure1.call(VerifyTextPresentKeyword.groovy)&#xa;	at com.kms.katalon.core.webui.keyword.internal.WebUIKeywordMain.runKeyword(WebUIKeywordMain.groovy:35)&#xa;	... 70 more&#xa;"/>
         <system-out><![CDATA[29-05-2025T15:51:23 - [TEST_CASE][FAILED] - Test Cases/Main Test Cases/TC7_Verify Successful Failed: Test Cases/Main Test Cases/TC7_Verify Successful Failed FAILED.
Reason:
com.kms.katalon.core.exception.StepFailedException: Unable to verify text 'abc 123' is present 
	at com.kms.katalon.core.webui.keyword.internal.WebUIKeywordMain.stepFailed(WebUIKeywordMain.groovy:117)
	at com.kms.katalon.core.webui.keyword.internal.WebUIKeywordMain.runKeyword(WebUIKeywordMain.groovy:43)
	at com.kms.katalon.core.webui.keyword.builtin.VerifyTextPresentKeyword.verifyTextPresent(VerifyTextPresentKeyword.groovy:83)
	at com.kms.katalon.core.webui.keyword.builtin.VerifyTextPresentKeyword.execute(VerifyTextPresentKeyword.groovy:68)
	at com.kms.katalon.core.keyword.internal.KeywordExecutor.executeKeywordForPlatform(KeywordExecutor.groovy:74)
	at com.kms.katalon.core.webui.keyword.WebUiBuiltInKeywords.verifyTextPresent(WebUiBuiltInKeywords.groovy:1799)
	at TC7_Verify Successful Failed.run(TC7_Verify Successful Failed:13)
	at com.kms.katalon.core.main.ScriptEngine.run(ScriptEngine.java:194)
	at com.kms.katalon.core.main.ScriptEngine.runScriptAsRawText(ScriptEngine.java:119)
	at com.kms.katalon.core.main.TestCaseExecutor.runScript(TestCaseExecutor.java:486)
	at com.kms.katalon.core.main.TestCaseExecutor.doExecute(TestCaseExecutor.java:477)
	at com.kms.katalon.core.main.TestCaseExecutor.processExecutionPhase(TestCaseExecutor.java:456)
	at com.kms.katalon.core.main.TestCaseExecutor.accessMainPhase(TestCaseExecutor.java:448)
	at com.kms.katalon.core.main.TestCaseExecutor.execute(TestCaseExecutor.java:322)
	at com.kms.katalon.core.main.TestCaseExecutor.execute(TestCaseExecutor.java:406)
	at com.kms.katalon.core.main.TestCaseExecutor.execute(TestCaseExecutor.java:406)
	at com.kms.katalon.core.main.TestCaseExecutor.execute(TestCaseExecutor.java:406)
	at com.kms.katalon.core.main.TestCaseExecutor.execute(TestCaseExecutor.java:406)
	at com.kms.katalon.core.main.TestCaseExecutor.execute(TestCaseExecutor.java:406)
	at com.kms.katalon.core.main.TestCaseExecutor.execute(TestCaseExecutor.java:406)
	at com.kms.katalon.core.main.TestCaseExecutor.execute(TestCaseExecutor.java:406)
	at com.kms.katalon.core.main.TestCaseExecutor.execute(TestCaseExecutor.java:406)
	at com.kms.katalon.core.main.TestCaseExecutor.execute(TestCaseExecutor.java:406)
	at com.kms.katalon.core.main.TestCaseExecutor.execute(TestCaseExecutor.java:406)
	at com.kms.katalon.core.main.TestCaseExecutor.execute(TestCaseExecutor.java:406)
	at com.kms.katalon.core.main.TestCaseExecutor.execute(TestCaseExecutor.java:406)
	at com.kms.katalon.core.main.TestCaseExecutor.execute(TestCaseExecutor.java:406)
	at com.kms.katalon.core.main.TestCaseExecutor.execute(TestCaseExecutor.java:406)
	at com.kms.katalon.core.main.TestCaseExecutor.execute(TestCaseExecutor.java:406)
	at com.kms.katalon.core.main.TestCaseExecutor.execute(TestCaseExecutor.java:406)
	at com.kms.katalon.core.main.TestCaseExecutor.execute(TestCaseExecutor.java:406)
	at com.kms.katalon.core.main.TestCaseExecutor.execute(TestCaseExecutor.java:406)
	at com.kms.katalon.core.main.TestCaseExecutor.execute(TestCaseExecutor.java:406)
	at com.kms.katalon.core.main.TestCaseExecutor.execute(TestCaseExecutor.java:406)
	at com.kms.katalon.core.main.TestCaseExecutor.execute(TestCaseExecutor.java:406)
	at com.kms.katalon.core.main.TestCaseExecutor.execute(TestCaseExecutor.java:406)
	at com.kms.katalon.core.main.TestCaseExecutor.execute(TestCaseExecutor.java:406)
	at com.kms.katalon.core.main.TestCaseExecutor.execute(TestCaseExecutor.java:406)
	at com.kms.katalon.core.main.TestCaseExecutor.execute(TestCaseExecutor.java:406)
	at com.kms.katalon.core.main.TestCaseExecutor.execute(TestCaseExecutor.java:406)
	at com.kms.katalon.core.main.TestCaseExecutor.execute(TestCaseExecutor.java:406)
	at com.kms.katalon.core.main.TestCaseExecutor.execute(TestCaseExecutor.java:406)
	at com.kms.katalon.core.main.TestCaseExecutor.execute(TestCaseExecutor.java:406)
	at com.kms.katalon.core.main.TestCaseExecutor.execute(TestCaseExecutor.java:406)
	at com.kms.katalon.core.main.TestCaseExecutor.execute(TestCaseExecutor.java:406)
	at com.kms.katalon.core.main.TestCaseExecutor.execute(TestCaseExecutor.java:406)
	at com.kms.katalon.core.main.TestCaseExecutor.execute(TestCaseExecutor.java:406)
	at com.kms.katalon.core.main.TestCaseExecutor.execute(TestCaseExecutor.java:406)
	at com.kms.katalon.core.main.TestCaseExecutor.execute(TestCaseExecutor.java:406)
	at com.kms.katalon.core.main.TestCaseExecutor.execute(TestCaseExecutor.java:406)
	at com.kms.katalon.core.main.TestCaseExecutor.execute(TestCaseExecutor.java:406)
	at com.kms.katalon.core.main.TestCaseExecutor.execute(TestCaseExecutor.java:406)
	at com.kms.katalon.core.main.TestCaseExecutor.execute(TestCaseExecutor.java:406)
	at com.kms.katalon.core.main.TestCaseExecutor.execute(TestCaseExecutor.java:406)
	at com.kms.katalon.core.main.TestCaseExecutor.execute(TestCaseExecutor.java:406)
	at com.kms.katalon.core.main.TestCaseExecutor.execute(TestCaseExecutor.java:406)
	at com.kms.katalon.core.main.TestCaseExecutor.execute(TestCaseExecutor.java:406)
	at com.kms.katalon.core.main.TestCaseExecutor.execute(TestCaseExecutor.java:406)
	at com.kms.katalon.core.main.TestCaseExecutor.execute(TestCaseExecutor.java:406)
	at com.kms.katalon.core.main.TestCaseExecutor.execute(TestCaseExecutor.java:406)
	at com.kms.katalon.core.main.TestCaseExecutor.execute(TestCaseExecutor.java:406)
	at com.kms.katalon.core.main.TestCaseExecutor.execute(TestCaseExecutor.java:406)
	at com.kms.katalon.core.main.TestCaseExecutor.execute(TestCaseExecutor.java:406)
	at com.kms.katalon.core.main.TestCaseExecutor.execute(TestCaseExecutor.java:406)
	at com.kms.katalon.core.common.CommonExecutor.accessTestCaseMainPhase(CommonExecutor.java:71)
	at com.kms.katalon.core.main.TestSuiteExecutor.accessTestSuiteMainPhase(TestSuiteExecutor.java:160)
	at com.kms.katalon.core.main.TestSuiteExecutor.execute(TestSuiteExecutor.java:107)
	at com.kms.katalon.core.main.TestCaseMain.startTestSuite(TestCaseMain.java:186)
	at TempTestSuite1748507727570.run(TempTestSuite1748507727570.groovy:35)
	at java.base/jdk.internal.reflect.NativeMethodAccessorImpl.invoke0(Native Method)
	at java.base/jdk.internal.reflect.NativeMethodAccessorImpl.invoke(NativeMethodAccessorImpl.java:77)
	at java.base/jdk.internal.reflect.DelegatingMethodAccessorImpl.invoke(DelegatingMethodAccessorImpl.java:43)
Caused by: com.kms.katalon.core.exception.StepFailedException: Text 'abc 123' is not present on page 
	at com.kms.katalon.core.webui.keyword.internal.WebUIKeywordMain.stepFailed(WebUIKeywordMain.groovy:117)
	at com.kms.katalon.core.webui.keyword.builtin.VerifyTextPresentKeyword$_verifyTextPresent_closure1.doCall(VerifyTextPresentKeyword.groovy:79)
	at com.kms.katalon.core.webui.keyword.builtin.VerifyTextPresentKeyword$_verifyTextPresent_closure1.call(VerifyTextPresentKeyword.groovy)
	at com.kms.katalon.core.webui.keyword.internal.WebUIKeywordMain.runKeyword(WebUIKeywordMain.groovy:35)
	... 70 more


29-05-2025T15:51:23 - [TEST_STEP][PASSED] - Start listener action : beforeTestCase: null

29-05-2025T15:51:23 - [TEST_STEP][PASSED] - testCaseName = testCaseContext.getTestCaseId(): null

29-05-2025T15:51:23 - [TEST_STEP][PASSED] - if (testCaseName.contains("Skip")): null

29-05-2025T15:51:23 - [TEST_STEP][PASSED] - Start listener action : openBrowser: Current window maximized

29-05-2025T15:51:23 - [TEST_STEP][PASSED] - openBrowser("http://demoaut.katalon.com"): Browser is opened with url: 'http://demoaut.katalon.com'

29-05-2025T15:51:23 - [MESSAGE][WARNING] - A browser is already opened. Closing browser and opening a new one

29-05-2025T15:51:23 - [MESSAGE][INFO] - Starting 'Chrome (headless)' driver

29-05-2025T15:51:23 - [MESSAGE][INFO] - Action delay is set to 0 milliseconds

29-05-2025T15:51:30 - [MESSAGE][PASSED] - Browser is opened with url: 'http://demoaut.katalon.com'

29-05-2025T15:51:30 - [TEST_STEP][PASSED] - maximizeWindow(): Current window maximized

29-05-2025T15:51:30 - [MESSAGE][PASSED] - Current window maximized

29-05-2025T15:51:30 - [TEST_STEP][PASSED] - Start listener action : enableSauceLabs: [SAUCELABS] Saucelabs Plugin will not attempt to auto update job status and information !

29-05-2025T15:51:30 - [MESSAGE][INFO] - [SAUCELABS] Current run configuration: Chrome (headless)

29-05-2025T15:51:30 - [MESSAGE][INFO] - [SAUCELABS] Saucelabs Plugin will not attempt to auto update job status and information !

29-05-2025T15:51:30 - [TEST_STEP][PASSED] - openBrowser(G_SiteURL): Browser is opened with url: 'http://demoaut.katalon.com'

29-05-2025T15:51:30 - [MESSAGE][WARNING] - A browser is already opened. Closing browser and opening a new one

29-05-2025T15:51:30 - [MESSAGE][INFO] - Starting 'Chrome (headless)' driver

29-05-2025T15:51:30 - [MESSAGE][INFO] - Action delay is set to 0 milliseconds

29-05-2025T15:51:36 - [MESSAGE][PASSED] - Browser is opened with url: 'http://demoaut.katalon.com'

29-05-2025T15:51:36 - [TEST_STEP][PASSED] - click(findTestObject("Page_CuraHomepage/btn_MakeAppointment")): Object: 'Object Repository/Page_CuraHomepage/btn_MakeAppointment' is clicked on

29-05-2025T15:51:38 - [MESSAGE][PASSED] - Object: 'Object Repository/Page_CuraHomepage/btn_MakeAppointment' is clicked on

29-05-2025T15:51:38 - [TEST_STEP][PASSED] - setText(findTestObject("Page_Login/txt_UserName"), Username): Text 'John Doe' is set on object 'Object Repository/Page_Login/txt_UserName'

29-05-2025T15:51:39 - [MESSAGE][PASSED] - Text 'John Doe' is set on object 'Object Repository/Page_Login/txt_UserName'

29-05-2025T15:51:39 - [TEST_STEP][FAILED] - verifyTextPresent("abc 123", false): Unable to verify text 'abc 123' is present  (Root cause: com.kms.katalon.core.exception.StepFailedException: Unable to verify text 'abc 123' is present 
	at com.kms.katalon.core.webui.keyword.internal.WebUIKeywordMain.stepFailed(WebUIKeywordMain.groovy:117)
	at com.kms.katalon.core.webui.keyword.internal.WebUIKeywordMain.runKeyword(WebUIKeywordMain.groovy:43)
	at com.kms.katalon.core.webui.keyword.builtin.VerifyTextPresentKeyword.verifyTextPresent(VerifyTextPresentKeyword.groovy:83)
	at com.kms.katalon.core.webui.keyword.builtin.VerifyTextPresentKeyword.execute(VerifyTextPresentKeyword.groovy:68)
	at com.kms.katalon.core.keyword.internal.KeywordExecutor.executeKeywordForPlatform(KeywordExecutor.groovy:74)
	at com.kms.katalon.core.webui.keyword.WebUiBuiltInKeywords.verifyTextPresent(WebUiBuiltInKeywords.groovy:1799)
	at TC7_Verify Successful Failed.run(TC7_Verify Successful Failed:13)
	at com.kms.katalon.core.main.ScriptEngine.run(ScriptEngine.java:194)
	at com.kms.katalon.core.main.ScriptEngine.runScriptAsRawText(ScriptEngine.java:119)
	at com.kms.katalon.core.main.TestCaseExecutor.runScript(TestCaseExecutor.java:486)
	at com.kms.katalon.core.main.TestCaseExecutor.doExecute(TestCaseExecutor.java:477)
	at com.kms.katalon.core.main.TestCaseExecutor.processExecutionPhase(TestCaseExecutor.java:456)
	at com.kms.katalon.core.main.TestCaseExecutor.accessMainPhase(TestCaseExecutor.java:448)
	at com.kms.katalon.core.main.TestCaseExecutor.execute(TestCaseExecutor.java:322)
	at com.kms.katalon.core.main.TestCaseExecutor.execute(TestCaseExecutor.java:406)
	at com.kms.katalon.core.main.TestCaseExecutor.execute(TestCaseExecutor.java:406)
	at com.kms.katalon.core.main.TestCaseExecutor.execute(TestCaseExecutor.java:406)
	at com.kms.katalon.core.main.TestCaseExecutor.execute(TestCaseExecutor.java:406)
	at com.kms.katalon.core.main.TestCaseExecutor.execute(TestCaseExecutor.java:406)
	at com.kms.katalon.core.main.TestCaseExecutor.execute(TestCaseExecutor.java:406)
	at com.kms.katalon.core.main.TestCaseExecutor.execute(TestCaseExecutor.java:406)
	at com.kms.katalon.core.main.TestCaseExecutor.execute(TestCaseExecutor.java:406)
	at com.kms.katalon.core.main.TestCaseExecutor.execute(TestCaseExecutor.java:406)
	at com.kms.katalon.core.main.TestCaseExecutor.execute(TestCaseExecutor.java:406)
	at com.kms.katalon.core.main.TestCaseExecutor.execute(TestCaseExecutor.java:406)
	at com.kms.katalon.core.main.TestCaseExecutor.execute(TestCaseExecutor.java:406)
	at com.kms.katalon.core.main.TestCaseExecutor.execute(TestCaseExecutor.java:406)
	at com.kms.katalon.core.main.TestCaseExecutor.execute(TestCaseExecutor.java:406)
	at com.kms.katalon.core.main.TestCaseExecutor.execute(TestCaseExecutor.java:406)
	at com.kms.katalon.core.main.TestCaseExecutor.execute(TestCaseExecutor.java:406)
	at com.kms.katalon.core.main.TestCaseExecutor.execute(TestCaseExecutor.java:406)
	at com.kms.katalon.core.main.TestCaseExecutor.execute(TestCaseExecutor.java:406)
	at com.kms.katalon.core.main.TestCaseExecutor.execute(TestCaseExecutor.java:406)
	at com.kms.katalon.core.main.TestCaseExecutor.execute(TestCaseExecutor.java:406)
	at com.kms.katalon.core.main.TestCaseExecutor.execute(TestCaseExecutor.java:406)
	at com.kms.katalon.core.main.TestCaseExecutor.execute(TestCaseExecutor.java:406)
	at com.kms.katalon.core.main.TestCaseExecutor.execute(TestCaseExecutor.java:406)
	at com.kms.katalon.core.main.TestCaseExecutor.execute(TestCaseExecutor.java:406)
	at com.kms.katalon.core.main.TestCaseExecutor.execute(TestCaseExecutor.java:406)
	at com.kms.katalon.core.main.TestCaseExecutor.execute(TestCaseExecutor.java:406)
	at com.kms.katalon.core.main.TestCaseExecutor.execute(TestCaseExecutor.java:406)
	at com.kms.katalon.core.main.TestCaseExecutor.execute(TestCaseExecutor.java:406)
	at com.kms.katalon.core.main.TestCaseExecutor.execute(TestCaseExecutor.java:406)
	at com.kms.katalon.core.main.TestCaseExecutor.execute(TestCaseExecutor.java:406)
	at com.kms.katalon.core.main.TestCaseExecutor.execute(TestCaseExecutor.java:406)
	at com.kms.katalon.core.main.TestCaseExecutor.execute(TestCaseExecutor.java:406)
	at com.kms.katalon.core.main.TestCaseExecutor.execute(TestCaseExecutor.java:406)
	at com.kms.katalon.core.main.TestCaseExecutor.execute(TestCaseExecutor.java:406)
	at com.kms.katalon.core.main.TestCaseExecutor.execute(TestCaseExecutor.java:406)
	at com.kms.katalon.core.main.TestCaseExecutor.execute(TestCaseExecutor.java:406)
	at com.kms.katalon.core.main.TestCaseExecutor.execute(TestCaseExecutor.java:406)
	at com.kms.katalon.core.main.TestCaseExecutor.execute(TestCaseExecutor.java:406)
	at com.kms.katalon.core.main.TestCaseExecutor.execute(TestCaseExecutor.java:406)
	at com.kms.katalon.core.main.TestCaseExecutor.execute(TestCaseExecutor.java:406)
	at com.kms.katalon.core.main.TestCaseExecutor.execute(TestCaseExecutor.java:406)
	at com.kms.katalon.core.main.TestCaseExecutor.execute(TestCaseExecutor.java:406)
	at com.kms.katalon.core.main.TestCaseExecutor.execute(TestCaseExecutor.java:406)
	at com.kms.katalon.core.main.TestCaseExecutor.execute(TestCaseExecutor.java:406)
	at com.kms.katalon.core.main.TestCaseExecutor.execute(TestCaseExecutor.java:406)
	at com.kms.katalon.core.main.TestCaseExecutor.execute(TestCaseExecutor.java:406)
	at com.kms.katalon.core.main.TestCaseExecutor.execute(TestCaseExecutor.java:406)
	at com.kms.katalon.core.main.TestCaseExecutor.execute(TestCaseExecutor.java:406)
	at com.kms.katalon.core.main.TestCaseExecutor.execute(TestCaseExecutor.java:406)
	at com.kms.katalon.core.main.TestCaseExecutor.execute(TestCaseExecutor.java:406)
	at com.kms.katalon.core.common.CommonExecutor.accessTestCaseMainPhase(CommonExecutor.java:71)
	at com.kms.katalon.core.main.TestSuiteExecutor.accessTestSuiteMainPhase(TestSuiteExecutor.java:160)
	at com.kms.katalon.core.main.TestSuiteExecutor.execute(TestSuiteExecutor.java:107)
	at com.kms.katalon.core.main.TestCaseMain.startTestSuite(TestCaseMain.java:186)
	at TempTestSuite1748507727570.run(TempTestSuite1748507727570.groovy:35)
	at java.base/jdk.internal.reflect.NativeMethodAccessorImpl.invoke0(Native Method)
	at java.base/jdk.internal.reflect.NativeMethodAccessorImpl.invoke(NativeMethodAccessorImpl.java:77)
	at java.base/jdk.internal.reflect.DelegatingMethodAccessorImpl.invoke(DelegatingMethodAccessorImpl.java:43)
Caused by: com.kms.katalon.core.exception.StepFailedException: Text 'abc 123' is not present on page 
	at com.kms.katalon.core.webui.keyword.internal.WebUIKeywordMain.stepFailed(WebUIKeywordMain.groovy:117)
	at com.kms.katalon.core.webui.keyword.builtin.VerifyTextPresentKeyword$_verifyTextPresent_closure1.doCall(VerifyTextPresentKeyword.groovy:79)
	at com.kms.katalon.core.webui.keyword.builtin.VerifyTextPresentKeyword$_verifyTextPresent_closure1.call(VerifyTextPresentKeyword.groovy)
	at com.kms.katalon.core.webui.keyword.internal.WebUIKeywordMain.runKeyword(WebUIKeywordMain.groovy:35)
	... 70 more
)

29-05-2025T15:51:39 - [MESSAGE][FAILED] - Text 'abc 123' is not present on page  (Root cause: com.kms.katalon.core.exception.StepFailedException: Text 'abc 123' is not present on page 
	at com.kms.katalon.core.webui.keyword.internal.WebUIKeywordMain.stepFailed(WebUIKeywordMain.groovy:117)
	at com.kms.katalon.core.webui.keyword.builtin.VerifyTextPresentKeyword$_verifyTextPresent_closure1.doCall(VerifyTextPresentKeyword.groovy:79)
	at com.kms.katalon.core.webui.keyword.builtin.VerifyTextPresentKeyword$_verifyTextPresent_closure1.call(VerifyTextPresentKeyword.groovy)
	at com.kms.katalon.core.webui.keyword.internal.WebUIKeywordMain.runKeyword(WebUIKeywordMain.groovy:35)
	at com.kms.katalon.core.webui.keyword.builtin.VerifyTextPresentKeyword.verifyTextPresent(VerifyTextPresentKeyword.groovy:83)
	at com.kms.katalon.core.webui.keyword.builtin.VerifyTextPresentKeyword.execute(VerifyTextPresentKeyword.groovy:68)
	at com.kms.katalon.core.keyword.internal.KeywordExecutor.executeKeywordForPlatform(KeywordExecutor.groovy:74)
	at com.kms.katalon.core.webui.keyword.WebUiBuiltInKeywords.verifyTextPresent(WebUiBuiltInKeywords.groovy:1799)
	at TC7_Verify Successful Failed.run(TC7_Verify Successful Failed:13)
	at com.kms.katalon.core.main.ScriptEngine.run(ScriptEngine.java:194)
	at com.kms.katalon.core.main.ScriptEngine.runScriptAsRawText(ScriptEngine.java:119)
	at com.kms.katalon.core.main.TestCaseExecutor.runScript(TestCaseExecutor.java:486)
	at com.kms.katalon.core.main.TestCaseExecutor.doExecute(TestCaseExecutor.java:477)
	at com.kms.katalon.core.main.TestCaseExecutor.processExecutionPhase(TestCaseExecutor.java:456)
	at com.kms.katalon.core.main.TestCaseExecutor.accessMainPhase(TestCaseExecutor.java:448)
	at com.kms.katalon.core.main.TestCaseExecutor.execute(TestCaseExecutor.java:322)
	at com.kms.katalon.core.main.TestCaseExecutor.execute(TestCaseExecutor.java:406)
	at com.kms.katalon.core.main.TestCaseExecutor.execute(TestCaseExecutor.java:406)
	at com.kms.katalon.core.main.TestCaseExecutor.execute(TestCaseExecutor.java:406)
	at com.kms.katalon.core.main.TestCaseExecutor.execute(TestCaseExecutor.java:406)
	at com.kms.katalon.core.main.TestCaseExecutor.execute(TestCaseExecutor.java:406)
	at com.kms.katalon.core.main.TestCaseExecutor.execute(TestCaseExecutor.java:406)
	at com.kms.katalon.core.main.TestCaseExecutor.execute(TestCaseExecutor.java:406)
	at com.kms.katalon.core.main.TestCaseExecutor.execute(TestCaseExecutor.java:406)
	at com.kms.katalon.core.main.TestCaseExecutor.execute(TestCaseExecutor.java:406)
	at com.kms.katalon.core.main.TestCaseExecutor.execute(TestCaseExecutor.java:406)
	at com.kms.katalon.core.main.TestCaseExecutor.execute(TestCaseExecutor.java:406)
	at com.kms.katalon.core.main.TestCaseExecutor.execute(TestCaseExecutor.java:406)
	at com.kms.katalon.core.main.TestCaseExecutor.execute(TestCaseExecutor.java:406)
	at com.kms.katalon.core.main.TestCaseExecutor.execute(TestCaseExecutor.java:406)
	at com.kms.katalon.core.main.TestCaseExecutor.execute(TestCaseExecutor.java:406)
	at com.kms.katalon.core.main.TestCaseExecutor.execute(TestCaseExecutor.java:406)
	at com.kms.katalon.core.main.TestCaseExecutor.execute(TestCaseExecutor.java:406)
	at com.kms.katalon.core.main.TestCaseExecutor.execute(TestCaseExecutor.java:406)
	at com.kms.katalon.core.main.TestCaseExecutor.execute(TestCaseExecutor.java:406)
	at com.kms.katalon.core.main.TestCaseExecutor.execute(TestCaseExecutor.java:406)
	at com.kms.katalon.core.main.TestCaseExecutor.execute(TestCaseExecutor.java:406)
	at com.kms.katalon.core.main.TestCaseExecutor.execute(TestCaseExecutor.java:406)
	at com.kms.katalon.core.main.TestCaseExecutor.execute(TestCaseExecutor.java:406)
	at com.kms.katalon.core.main.TestCaseExecutor.execute(TestCaseExecutor.java:406)
	at com.kms.katalon.core.main.TestCaseExecutor.execute(TestCaseExecutor.java:406)
	at com.kms.katalon.core.main.TestCaseExecutor.execute(TestCaseExecutor.java:406)
	at com.kms.katalon.core.main.TestCaseExecutor.execute(TestCaseExecutor.java:406)
	at com.kms.katalon.core.main.TestCaseExecutor.execute(TestCaseExecutor.java:406)
	at com.kms.katalon.core.main.TestCaseExecutor.execute(TestCaseExecutor.java:406)
	at com.kms.katalon.core.main.TestCaseExecutor.execute(TestCaseExecutor.java:406)
	at com.kms.katalon.core.main.TestCaseExecutor.execute(TestCaseExecutor.java:406)
	at com.kms.katalon.core.main.TestCaseExecutor.execute(TestCaseExecutor.java:406)
	at com.kms.katalon.core.main.TestCaseExecutor.execute(TestCaseExecutor.java:406)
	at com.kms.katalon.core.main.TestCaseExecutor.execute(TestCaseExecutor.java:406)
	at com.kms.katalon.core.main.TestCaseExecutor.execute(TestCaseExecutor.java:406)
	at com.kms.katalon.core.main.TestCaseExecutor.execute(TestCaseExecutor.java:406)
	at com.kms.katalon.core.main.TestCaseExecutor.execute(TestCaseExecutor.java:406)
	at com.kms.katalon.core.main.TestCaseExecutor.execute(TestCaseExecutor.java:406)
	at com.kms.katalon.core.main.TestCaseExecutor.execute(TestCaseExecutor.java:406)
	at com.kms.katalon.core.main.TestCaseExecutor.execute(TestCaseExecutor.java:406)
	at com.kms.katalon.core.main.TestCaseExecutor.execute(TestCaseExecutor.java:406)
	at com.kms.katalon.core.main.TestCaseExecutor.execute(TestCaseExecutor.java:406)
	at com.kms.katalon.core.main.TestCaseExecutor.execute(TestCaseExecutor.java:406)
	at com.kms.katalon.core.main.TestCaseExecutor.execute(TestCaseExecutor.java:406)
	at com.kms.katalon.core.main.TestCaseExecutor.execute(TestCaseExecutor.java:406)
	at com.kms.katalon.core.main.TestCaseExecutor.execute(TestCaseExecutor.java:406)
	at com.kms.katalon.core.main.TestCaseExecutor.execute(TestCaseExecutor.java:406)
	at com.kms.katalon.core.main.TestCaseExecutor.execute(TestCaseExecutor.java:406)
	at com.kms.katalon.core.main.TestCaseExecutor.execute(TestCaseExecutor.java:406)
	at com.kms.katalon.core.main.TestCaseExecutor.execute(TestCaseExecutor.java:406)
	at com.kms.katalon.core.common.CommonExecutor.accessTestCaseMainPhase(CommonExecutor.java:71)
	at com.kms.katalon.core.main.TestSuiteExecutor.accessTestSuiteMainPhase(TestSuiteExecutor.java:160)
	at com.kms.katalon.core.main.TestSuiteExecutor.execute(TestSuiteExecutor.java:107)
	at com.kms.katalon.core.main.TestCaseMain.startTestSuite(TestCaseMain.java:186)
	at TempTestSuite1748507727570.run(TempTestSuite1748507727570.groovy:35)
	at java.base/jdk.internal.reflect.NativeMethodAccessorImpl.invoke0(Native Method)
	at java.base/jdk.internal.reflect.NativeMethodAccessorImpl.invoke(NativeMethodAccessorImpl.java:77)
	at java.base/jdk.internal.reflect.DelegatingMethodAccessorImpl.invoke(DelegatingMethodAccessorImpl.java:43)
)

29-05-2025T15:51:40 - [MESSAGE][FAILED] - Unable to verify text 'abc 123' is present  (Root cause: com.kms.katalon.core.exception.StepFailedException: Unable to verify text 'abc 123' is present 
	at com.kms.katalon.core.webui.keyword.internal.WebUIKeywordMain.stepFailed(WebUIKeywordMain.groovy:117)
	at com.kms.katalon.core.webui.keyword.internal.WebUIKeywordMain.runKeyword(WebUIKeywordMain.groovy:43)
	at com.kms.katalon.core.webui.keyword.builtin.VerifyTextPresentKeyword.verifyTextPresent(VerifyTextPresentKeyword.groovy:83)
	at com.kms.katalon.core.webui.keyword.builtin.VerifyTextPresentKeyword.execute(VerifyTextPresentKeyword.groovy:68)
	at com.kms.katalon.core.keyword.internal.KeywordExecutor.executeKeywordForPlatform(KeywordExecutor.groovy:74)
	at com.kms.katalon.core.webui.keyword.WebUiBuiltInKeywords.verifyTextPresent(WebUiBuiltInKeywords.groovy:1799)
	at TC7_Verify Successful Failed.run(TC7_Verify Successful Failed:13)
	at com.kms.katalon.core.main.ScriptEngine.run(ScriptEngine.java:194)
	at com.kms.katalon.core.main.ScriptEngine.runScriptAsRawText(ScriptEngine.java:119)
	at com.kms.katalon.core.main.TestCaseExecutor.runScript(TestCaseExecutor.java:486)
	at com.kms.katalon.core.main.TestCaseExecutor.doExecute(TestCaseExecutor.java:477)
	at com.kms.katalon.core.main.TestCaseExecutor.processExecutionPhase(TestCaseExecutor.java:456)
	at com.kms.katalon.core.main.TestCaseExecutor.accessMainPhase(TestCaseExecutor.java:448)
	at com.kms.katalon.core.main.TestCaseExecutor.execute(TestCaseExecutor.java:322)
	at com.kms.katalon.core.main.TestCaseExecutor.execute(TestCaseExecutor.java:406)
	at com.kms.katalon.core.main.TestCaseExecutor.execute(TestCaseExecutor.java:406)
	at com.kms.katalon.core.main.TestCaseExecutor.execute(TestCaseExecutor.java:406)
	at com.kms.katalon.core.main.TestCaseExecutor.execute(TestCaseExecutor.java:406)
	at com.kms.katalon.core.main.TestCaseExecutor.execute(TestCaseExecutor.java:406)
	at com.kms.katalon.core.main.TestCaseExecutor.execute(TestCaseExecutor.java:406)
	at com.kms.katalon.core.main.TestCaseExecutor.execute(TestCaseExecutor.java:406)
	at com.kms.katalon.core.main.TestCaseExecutor.execute(TestCaseExecutor.java:406)
	at com.kms.katalon.core.main.TestCaseExecutor.execute(TestCaseExecutor.java:406)
	at com.kms.katalon.core.main.TestCaseExecutor.execute(TestCaseExecutor.java:406)
	at com.kms.katalon.core.main.TestCaseExecutor.execute(TestCaseExecutor.java:406)
	at com.kms.katalon.core.main.TestCaseExecutor.execute(TestCaseExecutor.java:406)
	at com.kms.katalon.core.main.TestCaseExecutor.execute(TestCaseExecutor.java:406)
	at com.kms.katalon.core.main.TestCaseExecutor.execute(TestCaseExecutor.java:406)
	at com.kms.katalon.core.main.TestCaseExecutor.execute(TestCaseExecutor.java:406)
	at com.kms.katalon.core.main.TestCaseExecutor.execute(TestCaseExecutor.java:406)
	at com.kms.katalon.core.main.TestCaseExecutor.execute(TestCaseExecutor.java:406)
	at com.kms.katalon.core.main.TestCaseExecutor.execute(TestCaseExecutor.java:406)
	at com.kms.katalon.core.main.TestCaseExecutor.execute(TestCaseExecutor.java:406)
	at com.kms.katalon.core.main.TestCaseExecutor.execute(TestCaseExecutor.java:406)
	at com.kms.katalon.core.main.TestCaseExecutor.execute(TestCaseExecutor.java:406)
	at com.kms.katalon.core.main.TestCaseExecutor.execute(TestCaseExecutor.java:406)
	at com.kms.katalon.core.main.TestCaseExecutor.execute(TestCaseExecutor.java:406)
	at com.kms.katalon.core.main.TestCaseExecutor.execute(TestCaseExecutor.java:406)
	at com.kms.katalon.core.main.TestCaseExecutor.execute(TestCaseExecutor.java:406)
	at com.kms.katalon.core.main.TestCaseExecutor.execute(TestCaseExecutor.java:406)
	at com.kms.katalon.core.main.TestCaseExecutor.execute(TestCaseExecutor.java:406)
	at com.kms.katalon.core.main.TestCaseExecutor.execute(TestCaseExecutor.java:406)
	at com.kms.katalon.core.main.TestCaseExecutor.execute(TestCaseExecutor.java:406)
	at com.kms.katalon.core.main.TestCaseExecutor.execute(TestCaseExecutor.java:406)
	at com.kms.katalon.core.main.TestCaseExecutor.execute(TestCaseExecutor.java:406)
	at com.kms.katalon.core.main.TestCaseExecutor.execute(TestCaseExecutor.java:406)
	at com.kms.katalon.core.main.TestCaseExecutor.execute(TestCaseExecutor.java:406)
	at com.kms.katalon.core.main.TestCaseExecutor.execute(TestCaseExecutor.java:406)
	at com.kms.katalon.core.main.TestCaseExecutor.execute(TestCaseExecutor.java:406)
	at com.kms.katalon.core.main.TestCaseExecutor.execute(TestCaseExecutor.java:406)
	at com.kms.katalon.core.main.TestCaseExecutor.execute(TestCaseExecutor.java:406)
	at com.kms.katalon.core.main.TestCaseExecutor.execute(TestCaseExecutor.java:406)
	at com.kms.katalon.core.main.TestCaseExecutor.execute(TestCaseExecutor.java:406)
	at com.kms.katalon.core.main.TestCaseExecutor.execute(TestCaseExecutor.java:406)
	at com.kms.katalon.core.main.TestCaseExecutor.execute(TestCaseExecutor.java:406)
	at com.kms.katalon.core.main.TestCaseExecutor.execute(TestCaseExecutor.java:406)
	at com.kms.katalon.core.main.TestCaseExecutor.execute(TestCaseExecutor.java:406)
	at com.kms.katalon.core.main.TestCaseExecutor.execute(TestCaseExecutor.java:406)
	at com.kms.katalon.core.main.TestCaseExecutor.execute(TestCaseExecutor.java:406)
	at com.kms.katalon.core.main.TestCaseExecutor.execute(TestCaseExecutor.java:406)
	at com.kms.katalon.core.main.TestCaseExecutor.execute(TestCaseExecutor.java:406)
	at com.kms.katalon.core.main.TestCaseExecutor.execute(TestCaseExecutor.java:406)
	at com.kms.katalon.core.main.TestCaseExecutor.execute(TestCaseExecutor.java:406)
	at com.kms.katalon.core.main.TestCaseExecutor.execute(TestCaseExecutor.java:406)
	at com.kms.katalon.core.common.CommonExecutor.accessTestCaseMainPhase(CommonExecutor.java:71)
	at com.kms.katalon.core.main.TestSuiteExecutor.accessTestSuiteMainPhase(TestSuiteExecutor.java:160)
	at com.kms.katalon.core.main.TestSuiteExecutor.execute(TestSuiteExecutor.java:107)
	at com.kms.katalon.core.main.TestCaseMain.startTestSuite(TestCaseMain.java:186)
	at TempTestSuite1748507727570.run(TempTestSuite1748507727570.groovy:35)
	at java.base/jdk.internal.reflect.NativeMethodAccessorImpl.invoke0(Native Method)
	at java.base/jdk.internal.reflect.NativeMethodAccessorImpl.invoke(NativeMethodAccessorImpl.java:77)
	at java.base/jdk.internal.reflect.DelegatingMethodAccessorImpl.invoke(DelegatingMethodAccessorImpl.java:43)
Caused by: com.kms.katalon.core.exception.StepFailedException: Text 'abc 123' is not present on page 
	at com.kms.katalon.core.webui.keyword.internal.WebUIKeywordMain.stepFailed(WebUIKeywordMain.groovy:117)
	at com.kms.katalon.core.webui.keyword.builtin.VerifyTextPresentKeyword$_verifyTextPresent_closure1.doCall(VerifyTextPresentKeyword.groovy:79)
	at com.kms.katalon.core.webui.keyword.builtin.VerifyTextPresentKeyword$_verifyTextPresent_closure1.call(VerifyTextPresentKeyword.groovy)
	at com.kms.katalon.core.webui.keyword.internal.WebUIKeywordMain.runKeyword(WebUIKeywordMain.groovy:35)
	... 70 more
)
[[ATTACHMENT|/Users/nhi.ly/Downloads/project-katalon/healthyCare_Check/Reports/20250529_153527/Full status/Retry failed executions immediately/20250529_153527/1748508699891.png]]

29-05-2025T15:51:40 - [TEST_STEP][PASSED] - Start listener action : autoUpdateJobStatus: [SAUCELABS] Current run configuration: Chrome (headless)

29-05-2025T15:51:40 - [MESSAGE][INFO] - [SAUCELABS] Current run configuration: Chrome (headless)

29-05-2025T15:51:42 - [TEST_STEP][PASSED] - Video: Video recording for test case 'Test Cases/Main Test Cases/TC7_Verify Successful Failed' .

29-05-2025T15:51:42 - [MESSAGE][INFO] - Video recording for test case 'Test Cases/Main Test Cases/TC7_Verify Successful Failed' .]]></system-out>
         <system-err><![CDATA[29-05-2025T15:51:23 - [TEST_CASE][FAILED] - Test Cases/Main Test Cases/TC7_Verify Successful Failed: Test Cases/Main Test Cases/TC7_Verify Successful Failed FAILED.
Reason:
com.kms.katalon.core.exception.StepFailedException: Unable to verify text 'abc 123' is present 
	at com.kms.katalon.core.webui.keyword.internal.WebUIKeywordMain.stepFailed(WebUIKeywordMain.groovy:117)
	at com.kms.katalon.core.webui.keyword.internal.WebUIKeywordMain.runKeyword(WebUIKeywordMain.groovy:43)
	at com.kms.katalon.core.webui.keyword.builtin.VerifyTextPresentKeyword.verifyTextPresent(VerifyTextPresentKeyword.groovy:83)
	at com.kms.katalon.core.webui.keyword.builtin.VerifyTextPresentKeyword.execute(VerifyTextPresentKeyword.groovy:68)
	at com.kms.katalon.core.keyword.internal.KeywordExecutor.executeKeywordForPlatform(KeywordExecutor.groovy:74)
	at com.kms.katalon.core.webui.keyword.WebUiBuiltInKeywords.verifyTextPresent(WebUiBuiltInKeywords.groovy:1799)
	at TC7_Verify Successful Failed.run(TC7_Verify Successful Failed:13)
	at com.kms.katalon.core.main.ScriptEngine.run(ScriptEngine.java:194)
	at com.kms.katalon.core.main.ScriptEngine.runScriptAsRawText(ScriptEngine.java:119)
	at com.kms.katalon.core.main.TestCaseExecutor.runScript(TestCaseExecutor.java:486)
	at com.kms.katalon.core.main.TestCaseExecutor.doExecute(TestCaseExecutor.java:477)
	at com.kms.katalon.core.main.TestCaseExecutor.processExecutionPhase(TestCaseExecutor.java:456)
	at com.kms.katalon.core.main.TestCaseExecutor.accessMainPhase(TestCaseExecutor.java:448)
	at com.kms.katalon.core.main.TestCaseExecutor.execute(TestCaseExecutor.java:322)
	at com.kms.katalon.core.main.TestCaseExecutor.execute(TestCaseExecutor.java:406)
	at com.kms.katalon.core.main.TestCaseExecutor.execute(TestCaseExecutor.java:406)
	at com.kms.katalon.core.main.TestCaseExecutor.execute(TestCaseExecutor.java:406)
	at com.kms.katalon.core.main.TestCaseExecutor.execute(TestCaseExecutor.java:406)
	at com.kms.katalon.core.main.TestCaseExecutor.execute(TestCaseExecutor.java:406)
	at com.kms.katalon.core.main.TestCaseExecutor.execute(TestCaseExecutor.java:406)
	at com.kms.katalon.core.main.TestCaseExecutor.execute(TestCaseExecutor.java:406)
	at com.kms.katalon.core.main.TestCaseExecutor.execute(TestCaseExecutor.java:406)
	at com.kms.katalon.core.main.TestCaseExecutor.execute(TestCaseExecutor.java:406)
	at com.kms.katalon.core.main.TestCaseExecutor.execute(TestCaseExecutor.java:406)
	at com.kms.katalon.core.main.TestCaseExecutor.execute(TestCaseExecutor.java:406)
	at com.kms.katalon.core.main.TestCaseExecutor.execute(TestCaseExecutor.java:406)
	at com.kms.katalon.core.main.TestCaseExecutor.execute(TestCaseExecutor.java:406)
	at com.kms.katalon.core.main.TestCaseExecutor.execute(TestCaseExecutor.java:406)
	at com.kms.katalon.core.main.TestCaseExecutor.execute(TestCaseExecutor.java:406)
	at com.kms.katalon.core.main.TestCaseExecutor.execute(TestCaseExecutor.java:406)
	at com.kms.katalon.core.main.TestCaseExecutor.execute(TestCaseExecutor.java:406)
	at com.kms.katalon.core.main.TestCaseExecutor.execute(TestCaseExecutor.java:406)
	at com.kms.katalon.core.main.TestCaseExecutor.execute(TestCaseExecutor.java:406)
	at com.kms.katalon.core.main.TestCaseExecutor.execute(TestCaseExecutor.java:406)
	at com.kms.katalon.core.main.TestCaseExecutor.execute(TestCaseExecutor.java:406)
	at com.kms.katalon.core.main.TestCaseExecutor.execute(TestCaseExecutor.java:406)
	at com.kms.katalon.core.main.TestCaseExecutor.execute(TestCaseExecutor.java:406)
	at com.kms.katalon.core.main.TestCaseExecutor.execute(TestCaseExecutor.java:406)
	at com.kms.katalon.core.main.TestCaseExecutor.execute(TestCaseExecutor.java:406)
	at com.kms.katalon.core.main.TestCaseExecutor.execute(TestCaseExecutor.java:406)
	at com.kms.katalon.core.main.TestCaseExecutor.execute(TestCaseExecutor.java:406)
	at com.kms.katalon.core.main.TestCaseExecutor.execute(TestCaseExecutor.java:406)
	at com.kms.katalon.core.main.TestCaseExecutor.execute(TestCaseExecutor.java:406)
	at com.kms.katalon.core.main.TestCaseExecutor.execute(TestCaseExecutor.java:406)
	at com.kms.katalon.core.main.TestCaseExecutor.execute(TestCaseExecutor.java:406)
	at com.kms.katalon.core.main.TestCaseExecutor.execute(TestCaseExecutor.java:406)
	at com.kms.katalon.core.main.TestCaseExecutor.execute(TestCaseExecutor.java:406)
	at com.kms.katalon.core.main.TestCaseExecutor.execute(TestCaseExecutor.java:406)
	at com.kms.katalon.core.main.TestCaseExecutor.execute(TestCaseExecutor.java:406)
	at com.kms.katalon.core.main.TestCaseExecutor.execute(TestCaseExecutor.java:406)
	at com.kms.katalon.core.main.TestCaseExecutor.execute(TestCaseExecutor.java:406)
	at com.kms.katalon.core.main.TestCaseExecutor.execute(TestCaseExecutor.java:406)
	at com.kms.katalon.core.main.TestCaseExecutor.execute(TestCaseExecutor.java:406)
	at com.kms.katalon.core.main.TestCaseExecutor.execute(TestCaseExecutor.java:406)
	at com.kms.katalon.core.main.TestCaseExecutor.execute(TestCaseExecutor.java:406)
	at com.kms.katalon.core.main.TestCaseExecutor.execute(TestCaseExecutor.java:406)
	at com.kms.katalon.core.main.TestCaseExecutor.execute(TestCaseExecutor.java:406)
	at com.kms.katalon.core.main.TestCaseExecutor.execute(TestCaseExecutor.java:406)
	at com.kms.katalon.core.main.TestCaseExecutor.execute(TestCaseExecutor.java:406)
	at com.kms.katalon.core.main.TestCaseExecutor.execute(TestCaseExecutor.java:406)
	at com.kms.katalon.core.main.TestCaseExecutor.execute(TestCaseExecutor.java:406)
	at com.kms.katalon.core.main.TestCaseExecutor.execute(TestCaseExecutor.java:406)
	at com.kms.katalon.core.main.TestCaseExecutor.execute(TestCaseExecutor.java:406)
	at com.kms.katalon.core.main.TestCaseExecutor.execute(TestCaseExecutor.java:406)
	at com.kms.katalon.core.common.CommonExecutor.accessTestCaseMainPhase(CommonExecutor.java:71)
	at com.kms.katalon.core.main.TestSuiteExecutor.accessTestSuiteMainPhase(TestSuiteExecutor.java:160)
	at com.kms.katalon.core.main.TestSuiteExecutor.execute(TestSuiteExecutor.java:107)
	at com.kms.katalon.core.main.TestCaseMain.startTestSuite(TestCaseMain.java:186)
	at TempTestSuite1748507727570.run(TempTestSuite1748507727570.groovy:35)
	at java.base/jdk.internal.reflect.NativeMethodAccessorImpl.invoke0(Native Method)
	at java.base/jdk.internal.reflect.NativeMethodAccessorImpl.invoke(NativeMethodAccessorImpl.java:77)
	at java.base/jdk.internal.reflect.DelegatingMethodAccessorImpl.invoke(DelegatingMethodAccessorImpl.java:43)
Caused by: com.kms.katalon.core.exception.StepFailedException: Text 'abc 123' is not present on page 
	at com.kms.katalon.core.webui.keyword.internal.WebUIKeywordMain.stepFailed(WebUIKeywordMain.groovy:117)
	at com.kms.katalon.core.webui.keyword.builtin.VerifyTextPresentKeyword$_verifyTextPresent_closure1.doCall(VerifyTextPresentKeyword.groovy:79)
	at com.kms.katalon.core.webui.keyword.builtin.VerifyTextPresentKeyword$_verifyTextPresent_closure1.call(VerifyTextPresentKeyword.groovy)
	at com.kms.katalon.core.webui.keyword.internal.WebUIKeywordMain.runKeyword(WebUIKeywordMain.groovy:35)
	... 70 more]]></system-err>
      </testcase>
      <testcase name="Test Cases/Main Test Cases/TC8_Verify Successful Failed - 1" time="18.787" classname="Test Cases/Main Test Cases/TC8_Verify Successful Failed - 1" status="FAILED">
         <properties>
            <property name="data_binding"><![CDATA[{"(Default) Passw...":"ThisIsNotAPassword","(Default) Usern...":"John Doe"}]]></property>
         </properties>
         <failure type="FAILED" message="Test Cases/Main Test Cases/TC8_Verify Successful Failed - 1 FAILED.&#xa;Reason:&#xa;com.kms.katalon.core.exception.StepFailedException: Unable to verify text 'abc 123' is present &#xa;	at com.kms.katalon.core.webui.keyword.internal.WebUIKeywordMain.stepFailed(WebUIKeywordMain.groovy:117)&#xa;	at com.kms.katalon.core.webui.keyword.internal.WebUIKeywordMain.runKeyword(WebUIKeywordMain.groovy:43)&#xa;	at com.kms.katalon.core.webui.keyword.builtin.VerifyTextPresentKeyword.verifyTextPresent(VerifyTextPresentKeyword.groovy:83)&#xa;	at com.kms.katalon.core.webui.keyword.builtin.VerifyTextPresentKeyword.execute(VerifyTextPresentKeyword.groovy:68)&#xa;	at com.kms.katalon.core.keyword.internal.KeywordExecutor.executeKeywordForPlatform(KeywordExecutor.groovy:74)&#xa;	at com.kms.katalon.core.webui.keyword.WebUiBuiltInKeywords.verifyTextPresent(WebUiBuiltInKeywords.groovy:1799)&#xa;	at TC7_Verify Successful Failed.run(TC7_Verify Successful Failed:13)&#xa;	at com.kms.katalon.core.main.ScriptEngine.run(ScriptEngine.java:194)&#xa;	at com.kms.katalon.core.main.ScriptEngine.runScriptAsRawText(ScriptEngine.java:119)&#xa;	at com.kms.katalon.core.main.TestCaseExecutor.runScript(TestCaseExecutor.java:486)&#xa;	at com.kms.katalon.core.main.TestCaseExecutor.doExecute(TestCaseExecutor.java:477)&#xa;	at com.kms.katalon.core.main.TestCaseExecutor.processExecutionPhase(TestCaseExecutor.java:456)&#xa;	at com.kms.katalon.core.main.TestCaseExecutor.accessMainPhase(TestCaseExecutor.java:448)&#xa;	at com.kms.katalon.core.main.TestCaseExecutor.execute(TestCaseExecutor.java:322)&#xa;	at com.kms.katalon.core.main.TestCaseExecutor.execute(TestCaseExecutor.java:406)&#xa;	at com.kms.katalon.core.main.TestCaseExecutor.execute(TestCaseExecutor.java:406)&#xa;	at com.kms.katalon.core.main.TestCaseExecutor.execute(TestCaseExecutor.java:406)&#xa;	at com.kms.katalon.core.main.TestCaseExecutor.execute(TestCaseExecutor.java:406)&#xa;	at com.kms.katalon.core.main.TestCaseExecutor.execute(TestCaseExecutor.java:406)&#xa;	at com.kms.katalon.core.main.TestCaseExecutor.execute(TestCaseExecutor.java:406)&#xa;	at com.kms.katalon.core.main.TestCaseExecutor.execute(TestCaseExecutor.java:406)&#xa;	at com.kms.katalon.core.main.TestCaseExecutor.execute(TestCaseExecutor.java:406)&#xa;	at com.kms.katalon.core.main.TestCaseExecutor.execute(TestCaseExecutor.java:406)&#xa;	at com.kms.katalon.core.main.TestCaseExecutor.execute(TestCaseExecutor.java:406)&#xa;	at com.kms.katalon.core.main.TestCaseExecutor.execute(TestCaseExecutor.java:406)&#xa;	at com.kms.katalon.core.main.TestCaseExecutor.execute(TestCaseExecutor.java:406)&#xa;	at com.kms.katalon.core.main.TestCaseExecutor.execute(TestCaseExecutor.java:406)&#xa;	at com.kms.katalon.core.main.TestCaseExecutor.execute(TestCaseExecutor.java:406)&#xa;	at com.kms.katalon.core.main.TestCaseExecutor.execute(TestCaseExecutor.java:406)&#xa;	at com.kms.katalon.core.main.TestCaseExecutor.execute(TestCaseExecutor.java:406)&#xa;	at com.kms.katalon.core.main.TestCaseExecutor.execute(TestCaseExecutor.java:406)&#xa;	at com.kms.katalon.core.main.TestCaseExecutor.execute(TestCaseExecutor.java:406)&#xa;	at com.kms.katalon.core.main.TestCaseExecutor.execute(TestCaseExecutor.java:406)&#xa;	at com.kms.katalon.core.main.TestCaseExecutor.execute(TestCaseExecutor.java:406)&#xa;	at com.kms.katalon.core.main.TestCaseExecutor.execute(TestCaseExecutor.java:406)&#xa;	at com.kms.katalon.core.main.TestCaseExecutor.execute(TestCaseExecutor.java:406)&#xa;	at com.kms.katalon.core.main.TestCaseExecutor.execute(TestCaseExecutor.java:406)&#xa;	at com.kms.katalon.core.main.TestCaseExecutor.execute(TestCaseExecutor.java:406)&#xa;	at com.kms.katalon.core.main.TestCaseExecutor.execute(TestCaseExecutor.java:406)&#xa;	at com.kms.katalon.core.main.TestCaseExecutor.execute(TestCaseExecutor.java:406)&#xa;	at com.kms.katalon.core.main.TestCaseExecutor.execute(TestCaseExecutor.java:406)&#xa;	at com.kms.katalon.core.main.TestCaseExecutor.execute(TestCaseExecutor.java:406)&#xa;	at com.kms.katalon.core.main.TestCaseExecutor.execute(TestCaseExecutor.java:406)&#xa;	at com.kms.katalon.core.main.TestCaseExecutor.execute(TestCaseExecutor.java:406)&#xa;	at com.kms.katalon.core.main.TestCaseExecutor.execute(TestCaseExecutor.java:406)&#xa;	at com.kms.katalon.core.main.TestCaseExecutor.execute(TestCaseExecutor.java:406)&#xa;	at com.kms.katalon.core.main.TestCaseExecutor.execute(TestCaseExecutor.java:406)&#xa;	at com.kms.katalon.core.main.TestCaseExecutor.execute(TestCaseExecutor.java:406)&#xa;	at com.kms.katalon.core.main.TestCaseExecutor.execute(TestCaseExecutor.java:406)&#xa;	at com.kms.katalon.core.main.TestCaseExecutor.execute(TestCaseExecutor.java:406)&#xa;	at com.kms.katalon.core.main.TestCaseExecutor.execute(TestCaseExecutor.java:406)&#xa;	at com.kms.katalon.core.main.TestCaseExecutor.execute(TestCaseExecutor.java:406)&#xa;	at com.kms.katalon.core.main.TestCaseExecutor.execute(TestCaseExecutor.java:406)&#xa;	at com.kms.katalon.core.main.TestCaseExecutor.execute(TestCaseExecutor.java:406)&#xa;	at com.kms.katalon.core.main.TestCaseExecutor.execute(TestCaseExecutor.java:406)&#xa;	at com.kms.katalon.core.main.TestCaseExecutor.execute(TestCaseExecutor.java:406)&#xa;	at com.kms.katalon.core.main.TestCaseExecutor.execute(TestCaseExecutor.java:406)&#xa;	at com.kms.katalon.core.main.TestCaseExecutor.execute(TestCaseExecutor.java:406)&#xa;	at com.kms.katalon.core.main.TestCaseExecutor.execute(TestCaseExecutor.java:406)&#xa;	at com.kms.katalon.core.main.TestCaseExecutor.execute(TestCaseExecutor.java:406)&#xa;	at com.kms.katalon.core.main.TestCaseExecutor.execute(TestCaseExecutor.java:406)&#xa;	at com.kms.katalon.core.main.TestCaseExecutor.execute(TestCaseExecutor.java:406)&#xa;	at com.kms.katalon.core.main.TestCaseExecutor.execute(TestCaseExecutor.java:406)&#xa;	at com.kms.katalon.core.main.TestCaseExecutor.execute(TestCaseExecutor.java:406)&#xa;	at com.kms.katalon.core.common.CommonExecutor.accessTestCaseMainPhase(CommonExecutor.java:71)&#xa;	at com.kms.katalon.core.main.TestSuiteExecutor.accessTestSuiteMainPhase(TestSuiteExecutor.java:160)&#xa;	at com.kms.katalon.core.main.TestSuiteExecutor.execute(TestSuiteExecutor.java:107)&#xa;	at com.kms.katalon.core.main.TestCaseMain.startTestSuite(TestCaseMain.java:186)&#xa;	at TempTestSuite1748507727570.run(TempTestSuite1748507727570.groovy:35)&#xa;	at java.base/jdk.internal.reflect.NativeMethodAccessorImpl.invoke0(Native Method)&#xa;	at java.base/jdk.internal.reflect.NativeMethodAccessorImpl.invoke(NativeMethodAccessorImpl.java:77)&#xa;	at java.base/jdk.internal.reflect.DelegatingMethodAccessorImpl.invoke(DelegatingMethodAccessorImpl.java:43)&#xa;Caused by: com.kms.katalon.core.exception.StepFailedException: Text 'abc 123' is not present on page &#xa;	at com.kms.katalon.core.webui.keyword.internal.WebUIKeywordMain.stepFailed(WebUIKeywordMain.groovy:117)&#xa;	at com.kms.katalon.core.webui.keyword.builtin.VerifyTextPresentKeyword$_verifyTextPresent_closure1.doCall(VerifyTextPresentKeyword.groovy:79)&#xa;	at com.kms.katalon.core.webui.keyword.builtin.VerifyTextPresentKeyword$_verifyTextPresent_closure1.call(VerifyTextPresentKeyword.groovy)&#xa;	at com.kms.katalon.core.webui.keyword.internal.WebUIKeywordMain.runKeyword(WebUIKeywordMain.groovy:35)&#xa;	... 70 more&#xa;"/>
         <system-out><![CDATA[29-05-2025T16:09:51 - [TEST_CASE][FAILED] - Test Cases/Main Test Cases/TC8_Verify Successful Failed - 1: Test Cases/Main Test Cases/TC8_Verify Successful Failed - 1 FAILED.
Reason:
com.kms.katalon.core.exception.StepFailedException: Unable to verify text 'abc 123' is present 
	at com.kms.katalon.core.webui.keyword.internal.WebUIKeywordMain.stepFailed(WebUIKeywordMain.groovy:117)
	at com.kms.katalon.core.webui.keyword.internal.WebUIKeywordMain.runKeyword(WebUIKeywordMain.groovy:43)
	at com.kms.katalon.core.webui.keyword.builtin.VerifyTextPresentKeyword.verifyTextPresent(VerifyTextPresentKeyword.groovy:83)
	at com.kms.katalon.core.webui.keyword.builtin.VerifyTextPresentKeyword.execute(VerifyTextPresentKeyword.groovy:68)
	at com.kms.katalon.core.keyword.internal.KeywordExecutor.executeKeywordForPlatform(KeywordExecutor.groovy:74)
	at com.kms.katalon.core.webui.keyword.WebUiBuiltInKeywords.verifyTextPresent(WebUiBuiltInKeywords.groovy:1799)
	at TC7_Verify Successful Failed.run(TC7_Verify Successful Failed:13)
	at com.kms.katalon.core.main.ScriptEngine.run(ScriptEngine.java:194)
	at com.kms.katalon.core.main.ScriptEngine.runScriptAsRawText(ScriptEngine.java:119)
	at com.kms.katalon.core.main.TestCaseExecutor.runScript(TestCaseExecutor.java:486)
	at com.kms.katalon.core.main.TestCaseExecutor.doExecute(TestCaseExecutor.java:477)
	at com.kms.katalon.core.main.TestCaseExecutor.processExecutionPhase(TestCaseExecutor.java:456)
	at com.kms.katalon.core.main.TestCaseExecutor.accessMainPhase(TestCaseExecutor.java:448)
	at com.kms.katalon.core.main.TestCaseExecutor.execute(TestCaseExecutor.java:322)
	at com.kms.katalon.core.main.TestCaseExecutor.execute(TestCaseExecutor.java:406)
	at com.kms.katalon.core.main.TestCaseExecutor.execute(TestCaseExecutor.java:406)
	at com.kms.katalon.core.main.TestCaseExecutor.execute(TestCaseExecutor.java:406)
	at com.kms.katalon.core.main.TestCaseExecutor.execute(TestCaseExecutor.java:406)
	at com.kms.katalon.core.main.TestCaseExecutor.execute(TestCaseExecutor.java:406)
	at com.kms.katalon.core.main.TestCaseExecutor.execute(TestCaseExecutor.java:406)
	at com.kms.katalon.core.main.TestCaseExecutor.execute(TestCaseExecutor.java:406)
	at com.kms.katalon.core.main.TestCaseExecutor.execute(TestCaseExecutor.java:406)
	at com.kms.katalon.core.main.TestCaseExecutor.execute(TestCaseExecutor.java:406)
	at com.kms.katalon.core.main.TestCaseExecutor.execute(TestCaseExecutor.java:406)
	at com.kms.katalon.core.main.TestCaseExecutor.execute(TestCaseExecutor.java:406)
	at com.kms.katalon.core.main.TestCaseExecutor.execute(TestCaseExecutor.java:406)
	at com.kms.katalon.core.main.TestCaseExecutor.execute(TestCaseExecutor.java:406)
	at com.kms.katalon.core.main.TestCaseExecutor.execute(TestCaseExecutor.java:406)
	at com.kms.katalon.core.main.TestCaseExecutor.execute(TestCaseExecutor.java:406)
	at com.kms.katalon.core.main.TestCaseExecutor.execute(TestCaseExecutor.java:406)
	at com.kms.katalon.core.main.TestCaseExecutor.execute(TestCaseExecutor.java:406)
	at com.kms.katalon.core.main.TestCaseExecutor.execute(TestCaseExecutor.java:406)
	at com.kms.katalon.core.main.TestCaseExecutor.execute(TestCaseExecutor.java:406)
	at com.kms.katalon.core.main.TestCaseExecutor.execute(TestCaseExecutor.java:406)
	at com.kms.katalon.core.main.TestCaseExecutor.execute(TestCaseExecutor.java:406)
	at com.kms.katalon.core.main.TestCaseExecutor.execute(TestCaseExecutor.java:406)
	at com.kms.katalon.core.main.TestCaseExecutor.execute(TestCaseExecutor.java:406)
	at com.kms.katalon.core.main.TestCaseExecutor.execute(TestCaseExecutor.java:406)
	at com.kms.katalon.core.main.TestCaseExecutor.execute(TestCaseExecutor.java:406)
	at com.kms.katalon.core.main.TestCaseExecutor.execute(TestCaseExecutor.java:406)
	at com.kms.katalon.core.main.TestCaseExecutor.execute(TestCaseExecutor.java:406)
	at com.kms.katalon.core.main.TestCaseExecutor.execute(TestCaseExecutor.java:406)
	at com.kms.katalon.core.main.TestCaseExecutor.execute(TestCaseExecutor.java:406)
	at com.kms.katalon.core.main.TestCaseExecutor.execute(TestCaseExecutor.java:406)
	at com.kms.katalon.core.main.TestCaseExecutor.execute(TestCaseExecutor.java:406)
	at com.kms.katalon.core.main.TestCaseExecutor.execute(TestCaseExecutor.java:406)
	at com.kms.katalon.core.main.TestCaseExecutor.execute(TestCaseExecutor.java:406)
	at com.kms.katalon.core.main.TestCaseExecutor.execute(TestCaseExecutor.java:406)
	at com.kms.katalon.core.main.TestCaseExecutor.execute(TestCaseExecutor.java:406)
	at com.kms.katalon.core.main.TestCaseExecutor.execute(TestCaseExecutor.java:406)
	at com.kms.katalon.core.main.TestCaseExecutor.execute(TestCaseExecutor.java:406)
	at com.kms.katalon.core.main.TestCaseExecutor.execute(TestCaseExecutor.java:406)
	at com.kms.katalon.core.main.TestCaseExecutor.execute(TestCaseExecutor.java:406)
	at com.kms.katalon.core.main.TestCaseExecutor.execute(TestCaseExecutor.java:406)
	at com.kms.katalon.core.main.TestCaseExecutor.execute(TestCaseExecutor.java:406)
	at com.kms.katalon.core.main.TestCaseExecutor.execute(TestCaseExecutor.java:406)
	at com.kms.katalon.core.main.TestCaseExecutor.execute(TestCaseExecutor.java:406)
	at com.kms.katalon.core.main.TestCaseExecutor.execute(TestCaseExecutor.java:406)
	at com.kms.katalon.core.main.TestCaseExecutor.execute(TestCaseExecutor.java:406)
	at com.kms.katalon.core.main.TestCaseExecutor.execute(TestCaseExecutor.java:406)
	at com.kms.katalon.core.main.TestCaseExecutor.execute(TestCaseExecutor.java:406)
	at com.kms.katalon.core.main.TestCaseExecutor.execute(TestCaseExecutor.java:406)
	at com.kms.katalon.core.main.TestCaseExecutor.execute(TestCaseExecutor.java:406)
	at com.kms.katalon.core.main.TestCaseExecutor.execute(TestCaseExecutor.java:406)
	at com.kms.katalon.core.common.CommonExecutor.accessTestCaseMainPhase(CommonExecutor.java:71)
	at com.kms.katalon.core.main.TestSuiteExecutor.accessTestSuiteMainPhase(TestSuiteExecutor.java:160)
	at com.kms.katalon.core.main.TestSuiteExecutor.execute(TestSuiteExecutor.java:107)
	at com.kms.katalon.core.main.TestCaseMain.startTestSuite(TestCaseMain.java:186)
	at TempTestSuite1748507727570.run(TempTestSuite1748507727570.groovy:35)
	at java.base/jdk.internal.reflect.NativeMethodAccessorImpl.invoke0(Native Method)
	at java.base/jdk.internal.reflect.NativeMethodAccessorImpl.invoke(NativeMethodAccessorImpl.java:77)
	at java.base/jdk.internal.reflect.DelegatingMethodAccessorImpl.invoke(DelegatingMethodAccessorImpl.java:43)
Caused by: com.kms.katalon.core.exception.StepFailedException: Text 'abc 123' is not present on page 
	at com.kms.katalon.core.webui.keyword.internal.WebUIKeywordMain.stepFailed(WebUIKeywordMain.groovy:117)
	at com.kms.katalon.core.webui.keyword.builtin.VerifyTextPresentKeyword$_verifyTextPresent_closure1.doCall(VerifyTextPresentKeyword.groovy:79)
	at com.kms.katalon.core.webui.keyword.builtin.VerifyTextPresentKeyword$_verifyTextPresent_closure1.call(VerifyTextPresentKeyword.groovy)
	at com.kms.katalon.core.webui.keyword.internal.WebUIKeywordMain.runKeyword(WebUIKeywordMain.groovy:35)
	... 70 more


29-05-2025T16:09:51 - [TEST_STEP][PASSED] - Start listener action : beforeTestCase: null

29-05-2025T16:09:51 - [TEST_STEP][PASSED] - testCaseName = testCaseContext.getTestCaseId(): null

29-05-2025T16:09:51 - [TEST_STEP][PASSED] - if (testCaseName.contains("Skip")): null

29-05-2025T16:09:51 - [TEST_STEP][PASSED] - Start listener action : openBrowser: Current window maximized

29-05-2025T16:09:51 - [TEST_STEP][PASSED] - openBrowser("http://demoaut.katalon.com"): Browser is opened with url: 'http://demoaut.katalon.com'

29-05-2025T16:09:51 - [MESSAGE][WARNING] - A browser is already opened. Closing browser and opening a new one

29-05-2025T16:09:51 - [MESSAGE][INFO] - Starting 'Chrome (headless)' driver

29-05-2025T16:09:51 - [MESSAGE][INFO] - Action delay is set to 0 milliseconds

29-05-2025T16:09:58 - [MESSAGE][PASSED] - Browser is opened with url: 'http://demoaut.katalon.com'

29-05-2025T16:09:58 - [TEST_STEP][PASSED] - maximizeWindow(): Current window maximized

29-05-2025T16:09:58 - [MESSAGE][PASSED] - Current window maximized

29-05-2025T16:09:58 - [TEST_STEP][PASSED] - Start listener action : enableSauceLabs: [SAUCELABS] Saucelabs Plugin will not attempt to auto update job status and information !

29-05-2025T16:09:58 - [MESSAGE][INFO] - [SAUCELABS] Current run configuration: Chrome (headless)

29-05-2025T16:09:58 - [MESSAGE][INFO] - [SAUCELABS] Saucelabs Plugin will not attempt to auto update job status and information !

29-05-2025T16:09:58 - [TEST_STEP][PASSED] - openBrowser(G_SiteURL): Browser is opened with url: 'http://demoaut.katalon.com'

29-05-2025T16:09:58 - [MESSAGE][WARNING] - A browser is already opened. Closing browser and opening a new one

29-05-2025T16:09:58 - [MESSAGE][INFO] - Starting 'Chrome (headless)' driver

29-05-2025T16:09:58 - [MESSAGE][INFO] - Action delay is set to 0 milliseconds

29-05-2025T16:10:05 - [MESSAGE][PASSED] - Browser is opened with url: 'http://demoaut.katalon.com'

29-05-2025T16:10:05 - [TEST_STEP][PASSED] - click(findTestObject("Page_CuraHomepage/btn_MakeAppointment")): Object: 'Object Repository/Page_CuraHomepage/btn_MakeAppointment' is clicked on

29-05-2025T16:10:06 - [MESSAGE][PASSED] - Object: 'Object Repository/Page_CuraHomepage/btn_MakeAppointment' is clicked on

29-05-2025T16:10:06 - [TEST_STEP][PASSED] - setText(findTestObject("Page_Login/txt_UserName"), Username): Text 'John Doe' is set on object 'Object Repository/Page_Login/txt_UserName'

29-05-2025T16:10:07 - [MESSAGE][PASSED] - Text 'John Doe' is set on object 'Object Repository/Page_Login/txt_UserName'

29-05-2025T16:10:07 - [TEST_STEP][FAILED] - verifyTextPresent("abc 123", false): Unable to verify text 'abc 123' is present  (Root cause: com.kms.katalon.core.exception.StepFailedException: Unable to verify text 'abc 123' is present 
	at com.kms.katalon.core.webui.keyword.internal.WebUIKeywordMain.stepFailed(WebUIKeywordMain.groovy:117)
	at com.kms.katalon.core.webui.keyword.internal.WebUIKeywordMain.runKeyword(WebUIKeywordMain.groovy:43)
	at com.kms.katalon.core.webui.keyword.builtin.VerifyTextPresentKeyword.verifyTextPresent(VerifyTextPresentKeyword.groovy:83)
	at com.kms.katalon.core.webui.keyword.builtin.VerifyTextPresentKeyword.execute(VerifyTextPresentKeyword.groovy:68)
	at com.kms.katalon.core.keyword.internal.KeywordExecutor.executeKeywordForPlatform(KeywordExecutor.groovy:74)
	at com.kms.katalon.core.webui.keyword.WebUiBuiltInKeywords.verifyTextPresent(WebUiBuiltInKeywords.groovy:1799)
	at TC7_Verify Successful Failed.run(TC7_Verify Successful Failed:13)
	at com.kms.katalon.core.main.ScriptEngine.run(ScriptEngine.java:194)
	at com.kms.katalon.core.main.ScriptEngine.runScriptAsRawText(ScriptEngine.java:119)
	at com.kms.katalon.core.main.TestCaseExecutor.runScript(TestCaseExecutor.java:486)
	at com.kms.katalon.core.main.TestCaseExecutor.doExecute(TestCaseExecutor.java:477)
	at com.kms.katalon.core.main.TestCaseExecutor.processExecutionPhase(TestCaseExecutor.java:456)
	at com.kms.katalon.core.main.TestCaseExecutor.accessMainPhase(TestCaseExecutor.java:448)
	at com.kms.katalon.core.main.TestCaseExecutor.execute(TestCaseExecutor.java:322)
	at com.kms.katalon.core.main.TestCaseExecutor.execute(TestCaseExecutor.java:406)
	at com.kms.katalon.core.main.TestCaseExecutor.execute(TestCaseExecutor.java:406)
	at com.kms.katalon.core.main.TestCaseExecutor.execute(TestCaseExecutor.java:406)
	at com.kms.katalon.core.main.TestCaseExecutor.execute(TestCaseExecutor.java:406)
	at com.kms.katalon.core.main.TestCaseExecutor.execute(TestCaseExecutor.java:406)
	at com.kms.katalon.core.main.TestCaseExecutor.execute(TestCaseExecutor.java:406)
	at com.kms.katalon.core.main.TestCaseExecutor.execute(TestCaseExecutor.java:406)
	at com.kms.katalon.core.main.TestCaseExecutor.execute(TestCaseExecutor.java:406)
	at com.kms.katalon.core.main.TestCaseExecutor.execute(TestCaseExecutor.java:406)
	at com.kms.katalon.core.main.TestCaseExecutor.execute(TestCaseExecutor.java:406)
	at com.kms.katalon.core.main.TestCaseExecutor.execute(TestCaseExecutor.java:406)
	at com.kms.katalon.core.main.TestCaseExecutor.execute(TestCaseExecutor.java:406)
	at com.kms.katalon.core.main.TestCaseExecutor.execute(TestCaseExecutor.java:406)
	at com.kms.katalon.core.main.TestCaseExecutor.execute(TestCaseExecutor.java:406)
	at com.kms.katalon.core.main.TestCaseExecutor.execute(TestCaseExecutor.java:406)
	at com.kms.katalon.core.main.TestCaseExecutor.execute(TestCaseExecutor.java:406)
	at com.kms.katalon.core.main.TestCaseExecutor.execute(TestCaseExecutor.java:406)
	at com.kms.katalon.core.main.TestCaseExecutor.execute(TestCaseExecutor.java:406)
	at com.kms.katalon.core.main.TestCaseExecutor.execute(TestCaseExecutor.java:406)
	at com.kms.katalon.core.main.TestCaseExecutor.execute(TestCaseExecutor.java:406)
	at com.kms.katalon.core.main.TestCaseExecutor.execute(TestCaseExecutor.java:406)
	at com.kms.katalon.core.main.TestCaseExecutor.execute(TestCaseExecutor.java:406)
	at com.kms.katalon.core.main.TestCaseExecutor.execute(TestCaseExecutor.java:406)
	at com.kms.katalon.core.main.TestCaseExecutor.execute(TestCaseExecutor.java:406)
	at com.kms.katalon.core.main.TestCaseExecutor.execute(TestCaseExecutor.java:406)
	at com.kms.katalon.core.main.TestCaseExecutor.execute(TestCaseExecutor.java:406)
	at com.kms.katalon.core.main.TestCaseExecutor.execute(TestCaseExecutor.java:406)
	at com.kms.katalon.core.main.TestCaseExecutor.execute(TestCaseExecutor.java:406)
	at com.kms.katalon.core.main.TestCaseExecutor.execute(TestCaseExecutor.java:406)
	at com.kms.katalon.core.main.TestCaseExecutor.execute(TestCaseExecutor.java:406)
	at com.kms.katalon.core.main.TestCaseExecutor.execute(TestCaseExecutor.java:406)
	at com.kms.katalon.core.main.TestCaseExecutor.execute(TestCaseExecutor.java:406)
	at com.kms.katalon.core.main.TestCaseExecutor.execute(TestCaseExecutor.java:406)
	at com.kms.katalon.core.main.TestCaseExecutor.execute(TestCaseExecutor.java:406)
	at com.kms.katalon.core.main.TestCaseExecutor.execute(TestCaseExecutor.java:406)
	at com.kms.katalon.core.main.TestCaseExecutor.execute(TestCaseExecutor.java:406)
	at com.kms.katalon.core.main.TestCaseExecutor.execute(TestCaseExecutor.java:406)
	at com.kms.katalon.core.main.TestCaseExecutor.execute(TestCaseExecutor.java:406)
	at com.kms.katalon.core.main.TestCaseExecutor.execute(TestCaseExecutor.java:406)
	at com.kms.katalon.core.main.TestCaseExecutor.execute(TestCaseExecutor.java:406)
	at com.kms.katalon.core.main.TestCaseExecutor.execute(TestCaseExecutor.java:406)
	at com.kms.katalon.core.main.TestCaseExecutor.execute(TestCaseExecutor.java:406)
	at com.kms.katalon.core.main.TestCaseExecutor.execute(TestCaseExecutor.java:406)
	at com.kms.katalon.core.main.TestCaseExecutor.execute(TestCaseExecutor.java:406)
	at com.kms.katalon.core.main.TestCaseExecutor.execute(TestCaseExecutor.java:406)
	at com.kms.katalon.core.main.TestCaseExecutor.execute(TestCaseExecutor.java:406)
	at com.kms.katalon.core.main.TestCaseExecutor.execute(TestCaseExecutor.java:406)
	at com.kms.katalon.core.main.TestCaseExecutor.execute(TestCaseExecutor.java:406)
	at com.kms.katalon.core.main.TestCaseExecutor.execute(TestCaseExecutor.java:406)
	at com.kms.katalon.core.main.TestCaseExecutor.execute(TestCaseExecutor.java:406)
	at com.kms.katalon.core.common.CommonExecutor.accessTestCaseMainPhase(CommonExecutor.java:71)
	at com.kms.katalon.core.main.TestSuiteExecutor.accessTestSuiteMainPhase(TestSuiteExecutor.java:160)
	at com.kms.katalon.core.main.TestSuiteExecutor.execute(TestSuiteExecutor.java:107)
	at com.kms.katalon.core.main.TestCaseMain.startTestSuite(TestCaseMain.java:186)
	at TempTestSuite1748507727570.run(TempTestSuite1748507727570.groovy:35)
	at java.base/jdk.internal.reflect.NativeMethodAccessorImpl.invoke0(Native Method)
	at java.base/jdk.internal.reflect.NativeMethodAccessorImpl.invoke(NativeMethodAccessorImpl.java:77)
	at java.base/jdk.internal.reflect.DelegatingMethodAccessorImpl.invoke(DelegatingMethodAccessorImpl.java:43)
Caused by: com.kms.katalon.core.exception.StepFailedException: Text 'abc 123' is not present on page 
	at com.kms.katalon.core.webui.keyword.internal.WebUIKeywordMain.stepFailed(WebUIKeywordMain.groovy:117)
	at com.kms.katalon.core.webui.keyword.builtin.VerifyTextPresentKeyword$_verifyTextPresent_closure1.doCall(VerifyTextPresentKeyword.groovy:79)
	at com.kms.katalon.core.webui.keyword.builtin.VerifyTextPresentKeyword$_verifyTextPresent_closure1.call(VerifyTextPresentKeyword.groovy)
	at com.kms.katalon.core.webui.keyword.internal.WebUIKeywordMain.runKeyword(WebUIKeywordMain.groovy:35)
	... 70 more
)

29-05-2025T16:10:07 - [MESSAGE][FAILED] - Text 'abc 123' is not present on page  (Root cause: com.kms.katalon.core.exception.StepFailedException: Text 'abc 123' is not present on page 
	at com.kms.katalon.core.webui.keyword.internal.WebUIKeywordMain.stepFailed(WebUIKeywordMain.groovy:117)
	at com.kms.katalon.core.webui.keyword.builtin.VerifyTextPresentKeyword$_verifyTextPresent_closure1.doCall(VerifyTextPresentKeyword.groovy:79)
	at com.kms.katalon.core.webui.keyword.builtin.VerifyTextPresentKeyword$_verifyTextPresent_closure1.call(VerifyTextPresentKeyword.groovy)
	at com.kms.katalon.core.webui.keyword.internal.WebUIKeywordMain.runKeyword(WebUIKeywordMain.groovy:35)
	at com.kms.katalon.core.webui.keyword.builtin.VerifyTextPresentKeyword.verifyTextPresent(VerifyTextPresentKeyword.groovy:83)
	at com.kms.katalon.core.webui.keyword.builtin.VerifyTextPresentKeyword.execute(VerifyTextPresentKeyword.groovy:68)
	at com.kms.katalon.core.keyword.internal.KeywordExecutor.executeKeywordForPlatform(KeywordExecutor.groovy:74)
	at com.kms.katalon.core.webui.keyword.WebUiBuiltInKeywords.verifyTextPresent(WebUiBuiltInKeywords.groovy:1799)
	at TC7_Verify Successful Failed.run(TC7_Verify Successful Failed:13)
	at com.kms.katalon.core.main.ScriptEngine.run(ScriptEngine.java:194)
	at com.kms.katalon.core.main.ScriptEngine.runScriptAsRawText(ScriptEngine.java:119)
	at com.kms.katalon.core.main.TestCaseExecutor.runScript(TestCaseExecutor.java:486)
	at com.kms.katalon.core.main.TestCaseExecutor.doExecute(TestCaseExecutor.java:477)
	at com.kms.katalon.core.main.TestCaseExecutor.processExecutionPhase(TestCaseExecutor.java:456)
	at com.kms.katalon.core.main.TestCaseExecutor.accessMainPhase(TestCaseExecutor.java:448)
	at com.kms.katalon.core.main.TestCaseExecutor.execute(TestCaseExecutor.java:322)
	at com.kms.katalon.core.main.TestCaseExecutor.execute(TestCaseExecutor.java:406)
	at com.kms.katalon.core.main.TestCaseExecutor.execute(TestCaseExecutor.java:406)
	at com.kms.katalon.core.main.TestCaseExecutor.execute(TestCaseExecutor.java:406)
	at com.kms.katalon.core.main.TestCaseExecutor.execute(TestCaseExecutor.java:406)
	at com.kms.katalon.core.main.TestCaseExecutor.execute(TestCaseExecutor.java:406)
	at com.kms.katalon.core.main.TestCaseExecutor.execute(TestCaseExecutor.java:406)
	at com.kms.katalon.core.main.TestCaseExecutor.execute(TestCaseExecutor.java:406)
	at com.kms.katalon.core.main.TestCaseExecutor.execute(TestCaseExecutor.java:406)
	at com.kms.katalon.core.main.TestCaseExecutor.execute(TestCaseExecutor.java:406)
	at com.kms.katalon.core.main.TestCaseExecutor.execute(TestCaseExecutor.java:406)
	at com.kms.katalon.core.main.TestCaseExecutor.execute(TestCaseExecutor.java:406)
	at com.kms.katalon.core.main.TestCaseExecutor.execute(TestCaseExecutor.java:406)
	at com.kms.katalon.core.main.TestCaseExecutor.execute(TestCaseExecutor.java:406)
	at com.kms.katalon.core.main.TestCaseExecutor.execute(TestCaseExecutor.java:406)
	at com.kms.katalon.core.main.TestCaseExecutor.execute(TestCaseExecutor.java:406)
	at com.kms.katalon.core.main.TestCaseExecutor.execute(TestCaseExecutor.java:406)
	at com.kms.katalon.core.main.TestCaseExecutor.execute(TestCaseExecutor.java:406)
	at com.kms.katalon.core.main.TestCaseExecutor.execute(TestCaseExecutor.java:406)
	at com.kms.katalon.core.main.TestCaseExecutor.execute(TestCaseExecutor.java:406)
	at com.kms.katalon.core.main.TestCaseExecutor.execute(TestCaseExecutor.java:406)
	at com.kms.katalon.core.main.TestCaseExecutor.execute(TestCaseExecutor.java:406)
	at com.kms.katalon.core.main.TestCaseExecutor.execute(TestCaseExecutor.java:406)
	at com.kms.katalon.core.main.TestCaseExecutor.execute(TestCaseExecutor.java:406)
	at com.kms.katalon.core.main.TestCaseExecutor.execute(TestCaseExecutor.java:406)
	at com.kms.katalon.core.main.TestCaseExecutor.execute(TestCaseExecutor.java:406)
	at com.kms.katalon.core.main.TestCaseExecutor.execute(TestCaseExecutor.java:406)
	at com.kms.katalon.core.main.TestCaseExecutor.execute(TestCaseExecutor.java:406)
	at com.kms.katalon.core.main.TestCaseExecutor.execute(TestCaseExecutor.java:406)
	at com.kms.katalon.core.main.TestCaseExecutor.execute(TestCaseExecutor.java:406)
	at com.kms.katalon.core.main.TestCaseExecutor.execute(TestCaseExecutor.java:406)
	at com.kms.katalon.core.main.TestCaseExecutor.execute(TestCaseExecutor.java:406)
	at com.kms.katalon.core.main.TestCaseExecutor.execute(TestCaseExecutor.java:406)
	at com.kms.katalon.core.main.TestCaseExecutor.execute(TestCaseExecutor.java:406)
	at com.kms.katalon.core.main.TestCaseExecutor.execute(TestCaseExecutor.java:406)
	at com.kms.katalon.core.main.TestCaseExecutor.execute(TestCaseExecutor.java:406)
	at com.kms.katalon.core.main.TestCaseExecutor.execute(TestCaseExecutor.java:406)
	at com.kms.katalon.core.main.TestCaseExecutor.execute(TestCaseExecutor.java:406)
	at com.kms.katalon.core.main.TestCaseExecutor.execute(TestCaseExecutor.java:406)
	at com.kms.katalon.core.main.TestCaseExecutor.execute(TestCaseExecutor.java:406)
	at com.kms.katalon.core.main.TestCaseExecutor.execute(TestCaseExecutor.java:406)
	at com.kms.katalon.core.main.TestCaseExecutor.execute(TestCaseExecutor.java:406)
	at com.kms.katalon.core.main.TestCaseExecutor.execute(TestCaseExecutor.java:406)
	at com.kms.katalon.core.main.TestCaseExecutor.execute(TestCaseExecutor.java:406)
	at com.kms.katalon.core.main.TestCaseExecutor.execute(TestCaseExecutor.java:406)
	at com.kms.katalon.core.main.TestCaseExecutor.execute(TestCaseExecutor.java:406)
	at com.kms.katalon.core.main.TestCaseExecutor.execute(TestCaseExecutor.java:406)
	at com.kms.katalon.core.main.TestCaseExecutor.execute(TestCaseExecutor.java:406)
	at com.kms.katalon.core.main.TestCaseExecutor.execute(TestCaseExecutor.java:406)
	at com.kms.katalon.core.main.TestCaseExecutor.execute(TestCaseExecutor.java:406)
	at com.kms.katalon.core.main.TestCaseExecutor.execute(TestCaseExecutor.java:406)
	at com.kms.katalon.core.common.CommonExecutor.accessTestCaseMainPhase(CommonExecutor.java:71)
	at com.kms.katalon.core.main.TestSuiteExecutor.accessTestSuiteMainPhase(TestSuiteExecutor.java:160)
	at com.kms.katalon.core.main.TestSuiteExecutor.execute(TestSuiteExecutor.java:107)
	at com.kms.katalon.core.main.TestCaseMain.startTestSuite(TestCaseMain.java:186)
	at TempTestSuite1748507727570.run(TempTestSuite1748507727570.groovy:35)
	at java.base/jdk.internal.reflect.NativeMethodAccessorImpl.invoke0(Native Method)
	at java.base/jdk.internal.reflect.NativeMethodAccessorImpl.invoke(NativeMethodAccessorImpl.java:77)
	at java.base/jdk.internal.reflect.DelegatingMethodAccessorImpl.invoke(DelegatingMethodAccessorImpl.java:43)
)

29-05-2025T16:10:07 - [MESSAGE][FAILED] - Unable to verify text 'abc 123' is present  (Root cause: com.kms.katalon.core.exception.StepFailedException: Unable to verify text 'abc 123' is present 
	at com.kms.katalon.core.webui.keyword.internal.WebUIKeywordMain.stepFailed(WebUIKeywordMain.groovy:117)
	at com.kms.katalon.core.webui.keyword.internal.WebUIKeywordMain.runKeyword(WebUIKeywordMain.groovy:43)
	at com.kms.katalon.core.webui.keyword.builtin.VerifyTextPresentKeyword.verifyTextPresent(VerifyTextPresentKeyword.groovy:83)
	at com.kms.katalon.core.webui.keyword.builtin.VerifyTextPresentKeyword.execute(VerifyTextPresentKeyword.groovy:68)
	at com.kms.katalon.core.keyword.internal.KeywordExecutor.executeKeywordForPlatform(KeywordExecutor.groovy:74)
	at com.kms.katalon.core.webui.keyword.WebUiBuiltInKeywords.verifyTextPresent(WebUiBuiltInKeywords.groovy:1799)
	at TC7_Verify Successful Failed.run(TC7_Verify Successful Failed:13)
	at com.kms.katalon.core.main.ScriptEngine.run(ScriptEngine.java:194)
	at com.kms.katalon.core.main.ScriptEngine.runScriptAsRawText(ScriptEngine.java:119)
	at com.kms.katalon.core.main.TestCaseExecutor.runScript(TestCaseExecutor.java:486)
	at com.kms.katalon.core.main.TestCaseExecutor.doExecute(TestCaseExecutor.java:477)
	at com.kms.katalon.core.main.TestCaseExecutor.processExecutionPhase(TestCaseExecutor.java:456)
	at com.kms.katalon.core.main.TestCaseExecutor.accessMainPhase(TestCaseExecutor.java:448)
	at com.kms.katalon.core.main.TestCaseExecutor.execute(TestCaseExecutor.java:322)
	at com.kms.katalon.core.main.TestCaseExecutor.execute(TestCaseExecutor.java:406)
	at com.kms.katalon.core.main.TestCaseExecutor.execute(TestCaseExecutor.java:406)
	at com.kms.katalon.core.main.TestCaseExecutor.execute(TestCaseExecutor.java:406)
	at com.kms.katalon.core.main.TestCaseExecutor.execute(TestCaseExecutor.java:406)
	at com.kms.katalon.core.main.TestCaseExecutor.execute(TestCaseExecutor.java:406)
	at com.kms.katalon.core.main.TestCaseExecutor.execute(TestCaseExecutor.java:406)
	at com.kms.katalon.core.main.TestCaseExecutor.execute(TestCaseExecutor.java:406)
	at com.kms.katalon.core.main.TestCaseExecutor.execute(TestCaseExecutor.java:406)
	at com.kms.katalon.core.main.TestCaseExecutor.execute(TestCaseExecutor.java:406)
	at com.kms.katalon.core.main.TestCaseExecutor.execute(TestCaseExecutor.java:406)
	at com.kms.katalon.core.main.TestCaseExecutor.execute(TestCaseExecutor.java:406)
	at com.kms.katalon.core.main.TestCaseExecutor.execute(TestCaseExecutor.java:406)
	at com.kms.katalon.core.main.TestCaseExecutor.execute(TestCaseExecutor.java:406)
	at com.kms.katalon.core.main.TestCaseExecutor.execute(TestCaseExecutor.java:406)
	at com.kms.katalon.core.main.TestCaseExecutor.execute(TestCaseExecutor.java:406)
	at com.kms.katalon.core.main.TestCaseExecutor.execute(TestCaseExecutor.java:406)
	at com.kms.katalon.core.main.TestCaseExecutor.execute(TestCaseExecutor.java:406)
[...]
	at com.kms.katalon.core.main.ScriptEngine.run(ScriptEngine.java:194)
	at com.kms.katalon.core.main.ScriptEngine.runScriptAsRawText(ScriptEngine.java:119)
	at com.kms.katalon.core.main.TestCaseExecutor.runScript(TestCaseExecutor.java:486)
	at com.kms.katalon.core.main.TestCaseExecutor.doExecute(TestCaseExecutor.java:477)
	at com.kms.katalon.core.main.TestCaseExecutor.processExecutionPhase(TestCaseExecutor.java:456)
	at com.kms.katalon.core.main.TestCaseExecutor.accessMainPhase(TestCaseExecutor.java:448)
	at com.kms.katalon.core.main.TestCaseExecutor.execute(TestCaseExecutor.java:322)
	at com.kms.katalon.core.main.TestCaseExecutor.execute(TestCaseExecutor.java:406)
	at com.kms.katalon.core.main.TestCaseExecutor.execute(TestCaseExecutor.java:406)
	at com.kms.katalon.core.main.TestCaseExecutor.execute(TestCaseExecutor.java:406)
	at com.kms.katalon.core.main.TestCaseExecutor.execute(TestCaseExecutor.java:406)
	at com.kms.katalon.core.main.TestCaseExecutor.execute(TestCaseExecutor.java:406)
	at com.kms.katalon.core.main.TestCaseExecutor.execute(TestCaseExecutor.java:406)
	at com.kms.katalon.core.main.TestCaseExecutor.execute(TestCaseExecutor.java:406)
	at com.kms.katalon.core.main.TestCaseExecutor.execute(TestCaseExecutor.java:406)
	at com.kms.katalon.core.main.TestCaseExecutor.execute(TestCaseExecutor.java:406)
	at com.kms.katalon.core.main.TestCaseExecutor.execute(TestCaseExecutor.java:406)
	at com.kms.katalon.core.main.TestCaseExecutor.execute(TestCaseExecutor.java:406)
	at com.kms.katalon.core.main.TestCaseExecutor.execute(TestCaseExecutor.java:406)
	at com.kms.katalon.core.main.TestCaseExecutor.execute(TestCaseExecutor.java:406)
	at com.kms.katalon.core.main.TestCaseExecutor.execute(TestCaseExecutor.java:406)
	at com.kms.katalon.core.main.TestCaseExecutor.execute(TestCaseExecutor.java:406)
	at com.kms.katalon.core.main.TestCaseExecutor.execute(TestCaseExecutor.java:406)
	at com.kms.katalon.core.main.TestCaseExecutor.execute(TestCaseExecutor.java:406)
	at com.kms.katalon.core.main.TestCaseExecutor.execute(TestCaseExecutor.java:406)
	at com.kms.katalon.core.main.TestCaseExecutor.execute(TestCaseExecutor.java:406)
	at com.kms.katalon.core.main.TestCaseExecutor.execute(TestCaseExecutor.java:406)
	at com.kms.katalon.core.main.TestCaseExecutor.execute(TestCaseExecutor.java:406)
	at com.kms.katalon.core.main.TestCaseExecutor.execute(TestCaseExecutor.java:406)
	at com.kms.katalon.core.main.TestCaseExecutor.execute(TestCaseExecutor.java:406)
	at com.kms.katalon.core.main.TestCaseExecutor.execute(TestCaseExecutor.java:406)
	at com.kms.katalon.core.main.TestCaseExecutor.execute(TestCaseExecutor.java:406)
	at com.kms.katalon.core.main.TestCaseExecutor.execute(TestCaseExecutor.java:406)
	at com.kms.katalon.core.main.TestCaseExecutor.execute(TestCaseExecutor.java:406)
	at com.kms.katalon.core.main.TestCaseExecutor.execute(TestCaseExecutor.java:406)
	at com.kms.katalon.core.main.TestCaseExecutor.execute(TestCaseExecutor.java:406)
	at com.kms.katalon.core.main.TestCaseExecutor.execute(TestCaseExecutor.java:406)
	at com.kms.katalon.core.main.TestCaseExecutor.execute(TestCaseExecutor.java:406)
	at com.kms.katalon.core.main.TestCaseExecutor.execute(TestCaseExecutor.java:406)
	at com.kms.katalon.core.main.TestCaseExecutor.execute(TestCaseExecutor.java:406)
	at com.kms.katalon.core.main.TestCaseExecutor.execute(TestCaseExecutor.java:406)
	at com.kms.katalon.core.main.TestCaseExecutor.execute(TestCaseExecutor.java:406)
	at com.kms.katalon.core.main.TestCaseExecutor.execute(TestCaseExecutor.java:406)
	at com.kms.katalon.core.main.TestCaseExecutor.execute(TestCaseExecutor.java:406)
	at com.kms.katalon.core.main.TestCaseExecutor.execute(TestCaseExecutor.java:406)
	at com.kms.katalon.core.main.TestCaseExecutor.execute(TestCaseExecutor.java:406)
	at com.kms.katalon.core.main.TestCaseExecutor.execute(TestCaseExecutor.java:406)
	at com.kms.katalon.core.main.TestCaseExecutor.execute(TestCaseExecutor.java:406)
	at com.kms.katalon.core.main.TestCaseExecutor.execute(TestCaseExecutor.java:406)
	at com.kms.katalon.core.main.TestCaseExecutor.execute(TestCaseExecutor.java:406)
	at com.kms.katalon.core.main.TestCaseExecutor.execute(TestCaseExecutor.java:406)
	at com.kms.katalon.core.main.TestCaseExecutor.execute(TestCaseExecutor.java:406)
	at com.kms.katalon.core.main.TestCaseExecutor.execute(TestCaseExecutor.java:406)
	at com.kms.katalon.core.main.TestCaseExecutor.execute(TestCaseExecutor.java:406)
	at com.kms.katalon.core.main.TestCaseExecutor.execute(TestCaseExecutor.java:406)
	at com.kms.katalon.core.main.TestCaseExecutor.execute(TestCaseExecutor.java:406)
	at com.kms.katalon.core.main.TestCaseExecutor.execute(TestCaseExecutor.java:406)
	at com.kms.katalon.core.common.CommonExecutor.accessTestCaseMainPhase(CommonExecutor.java:71)
	at com.kms.katalon.core.main.TestSuiteExecutor.accessTestSuiteMainPhase(TestSuiteExecutor.java:160)
	at com.kms.katalon.core.main.TestSuiteExecutor.execute(TestSuiteExecutor.java:107)
	at com.kms.katalon.core.main.TestCaseMain.startTestSuite(TestCaseMain.java:186)
	at TempTestSuite1748507727570.run(TempTestSuite1748507727570.groovy:35)
	at java.base/jdk.internal.reflect.NativeMethodAccessorImpl.invoke0(Native Method)
	at java.base/jdk.internal.reflect.NativeMethodAccessorImpl.invoke(NativeMethodAccessorImpl.java:77)
	at java.base/jdk.internal.reflect.DelegatingMethodAccessorImpl.invoke(DelegatingMethodAccessorImpl.java:43)
Caused by: com.kms.katalon.core.exception.StepFailedException: Text 'abc 123' is not present on page 
	at com.kms.katalon.core.webui.keyword.internal.WebUIKeywordMain.stepFailed(WebUIKeywordMain.groovy:117)
	at com.kms.katalon.core.webui.keyword.builtin.VerifyTextPresentKeyword$_verifyTextPresent_closure1.doCall(VerifyTextPresentKeyword.groovy:79)
	at com.kms.katalon.core.webui.keyword.builtin.VerifyTextPresentKeyword$_verifyTextPresent_closure1.call(VerifyTextPresentKeyword.groovy)
	at com.kms.katalon.core.webui.keyword.internal.WebUIKeywordMain.runKeyword(WebUIKeywordMain.groovy:35)
	... 70 more
)
[[ATTACHMENT|/Users/nhi.ly/Downloads/project-katalon/healthyCare_Check/Reports/20250529_153527/Full status/Retry failed executions immediately/20250529_153527/1748510731378.png]]

29-05-2025T16:25:31 - [TEST_STEP][PASSED] - Start listener action : autoUpdateJobStatus: [SAUCELABS] Current run configuration: Chrome (headless)

29-05-2025T16:25:31 - [MESSAGE][INFO] - [SAUCELABS] Current run configuration: Chrome (headless)

29-05-2025T16:25:33 - [TEST_STEP][PASSED] - Video: Video recording for test case 'Test Cases/Main Test Cases/TC9_Verify Successful Failed - 2' .

29-05-2025T16:25:33 - [MESSAGE][INFO] - Video recording for test case 'Test Cases/Main Test Cases/TC9_Verify Successful Failed - 2' .]]></system-out>
         <system-err><![CDATA[29-05-2025T16:25:16 - [TEST_CASE][FAILED] - Test Cases/Main Test Cases/TC9_Verify Successful Failed - 2: Test Cases/Main Test Cases/TC9_Verify Successful Failed - 2 FAILED.
Reason:
com.kms.katalon.core.exception.StepFailedException: Unable to verify text 'abc 123' is present 
	at com.kms.katalon.core.webui.keyword.internal.WebUIKeywordMain.stepFailed(WebUIKeywordMain.groovy:117)
	at com.kms.katalon.core.webui.keyword.internal.WebUIKeywordMain.runKeyword(WebUIKeywordMain.groovy:43)
	at com.kms.katalon.core.webui.keyword.builtin.VerifyTextPresentKeyword.verifyTextPresent(VerifyTextPresentKeyword.groovy:83)
	at com.kms.katalon.core.webui.keyword.builtin.VerifyTextPresentKeyword.execute(VerifyTextPresentKeyword.groovy:68)
	at com.kms.katalon.core.keyword.internal.KeywordExecutor.executeKeywordForPlatform(KeywordExecutor.groovy:74)
	at com.kms.katalon.core.webui.keyword.WebUiBuiltInKeywords.verifyTextPresent(WebUiBuiltInKeywords.groovy:1799)
	at TC7_Verify Successful Failed.run(TC7_Verify Successful Failed:13)
	at com.kms.katalon.core.main.ScriptEngine.run(ScriptEngine.java:194)
	at com.kms.katalon.core.main.ScriptEngine.runScriptAsRawText(ScriptEngine.java:119)
	at com.kms.katalon.core.main.TestCaseExecutor.runScript(TestCaseExecutor.java:486)
	at com.kms.katalon.core.main.TestCaseExecutor.doExecute(TestCaseExecutor.java:477)
	at com.kms.katalon.core.main.TestCaseExecutor.processExecutionPhase(TestCaseExecutor.java:456)
	at com.kms.katalon.core.main.TestCaseExecutor.accessMainPhase(TestCaseExecutor.java:448)
	at com.kms.katalon.core.main.TestCaseExecutor.execute(TestCaseExecutor.java:322)
	at com.kms.katalon.core.main.TestCaseExecutor.execute(TestCaseExecutor.java:406)
	at com.kms.katalon.core.main.TestCaseExecutor.execute(TestCaseExecutor.java:406)
	at com.kms.katalon.core.main.TestCaseExecutor.execute(TestCaseExecutor.java:406)
	at com.kms.katalon.core.main.TestCaseExecutor.execute(TestCaseExecutor.java:406)
	at com.kms.katalon.core.main.TestCaseExecutor.execute(TestCaseExecutor.java:406)
	at com.kms.katalon.core.main.TestCaseExecutor.execute(TestCaseExecutor.java:406)
	at com.kms.katalon.core.main.TestCaseExecutor.execute(TestCaseExecutor.java:406)
	at com.kms.katalon.core.main.TestCaseExecutor.execute(TestCaseExecutor.java:406)
	at com.kms.katalon.core.main.TestCaseExecutor.execute(TestCaseExecutor.java:406)
	at com.kms.katalon.core.main.TestCaseExecutor.execute(TestCaseExecutor.java:406)
	at com.kms.katalon.core.main.TestCaseExecutor.execute(TestCaseExecutor.java:406)
	at com.kms.katalon.core.main.TestCaseExecutor.execute(TestCaseExecutor.java:406)
	at com.kms.katalon.core.main.TestCaseExecutor.execute(TestCaseExecutor.java:406)
	at com.kms.katalon.core.main.TestCaseExecutor.execute(TestCaseExecutor.java:406)
	at com.kms.katalon.core.main.TestCaseExecutor.execute(TestCaseExecutor.java:406)
	at com.kms.katalon.core.main.TestCaseExecutor.execute(TestCaseExecutor.java:406)
	at com.kms.katalon.core.main.TestCaseExecutor.execute(TestCaseExecutor.java:406)
	at com.kms.katalon.core.main.TestCaseExecutor.execute(TestCaseExecutor.java:406)
	at com.kms.katalon.core.main.TestCaseExecutor.execute(TestCaseExecutor.java:406)
	at com.kms.katalon.core.main.TestCaseExecutor.execute(TestCaseExecutor.java:406)
	at com.kms.katalon.core.main.TestCaseExecutor.execute(TestCaseExecutor.java:406)
	at com.kms.katalon.core.main.TestCaseExecutor.execute(TestCaseExecutor.java:406)
	at com.kms.katalon.core.main.TestCaseExecutor.execute(TestCaseExecutor.java:406)
	at com.kms.katalon.core.main.TestCaseExecutor.execute(TestCaseExecutor.java:406)
	at com.kms.katalon.core.main.TestCaseExecutor.execute(TestCaseExecutor.java:406)
	at com.kms.katalon.core.main.TestCaseExecutor.execute(TestCaseExecutor.java:406)
	at com.kms.katalon.core.main.TestCaseExecutor.execute(TestCaseExecutor.java:406)
	at com.kms.katalon.core.main.TestCaseExecutor.execute(TestCaseExecutor.java:406)
	at com.kms.katalon.core.main.TestCaseExecutor.execute(TestCaseExecutor.java:406)
	at com.kms.katalon.core.main.TestCaseExecutor.execute(TestCaseExecutor.java:406)
	at com.kms.katalon.core.main.TestCaseExecutor.execute(TestCaseExecutor.java:406)
	at com.kms.katalon.core.main.TestCaseExecutor.execute(TestCaseExecutor.java:406)
	at com.kms.katalon.core.main.TestCaseExecutor.execute(TestCaseExecutor.java:406)
	at com.kms.katalon.core.main.TestCaseExecutor.execute(TestCaseExecutor.java:406)
	at com.kms.katalon.core.main.TestCaseExecutor.execute(TestCaseExecutor.java:406)
	at com.kms.katalon.core.main.TestCaseExecutor.execute(TestCaseExecutor.java:406)
	at com.kms.katalon.core.main.TestCaseExecutor.execute(TestCaseExecutor.java:406)
	at com.kms.katalon.core.main.TestCaseExecutor.execute(TestCaseExecutor.java:406)
	at com.kms.katalon.core.main.TestCaseExecutor.execute(TestCaseExecutor.java:406)
	at com.kms.katalon.core.main.TestCaseExecutor.execute(TestCaseExecutor.java:406)
	at com.kms.katalon.core.main.TestCaseExecutor.execute(TestCaseExecutor.java:406)
	at com.kms.katalon.core.main.TestCaseExecutor.execute(TestCaseExecutor.java:406)
	at com.kms.katalon.core.main.TestCaseExecutor.execute(TestCaseExecutor.java:406)
	at com.kms.katalon.core.main.TestCaseExecutor.execute(TestCaseExecutor.java:406)
	at com.kms.katalon.core.main.TestCaseExecutor.execute(TestCaseExecutor.java:406)
	at com.kms.katalon.core.main.TestCaseExecutor.execute(TestCaseExecutor.java:406)
	at com.kms.katalon.core.main.TestCaseExecutor.execute(TestCaseExecutor.java:406)
	at com.kms.katalon.core.main.TestCaseExecutor.execute(TestCaseExecutor.java:406)
	at com.kms.katalon.core.main.TestCaseExecutor.execute(TestCaseExecutor.java:406)
	at com.kms.katalon.core.main.TestCaseExecutor.execute(TestCaseExecutor.java:406)
	at com.kms.katalon.core.common.CommonExecutor.accessTestCaseMainPhase(CommonExecutor.java:71)
	at com.kms.katalon.core.main.TestSuiteExecutor.accessTestSuiteMainPhase(TestSuiteExecutor.java:160)
	at com.kms.katalon.core.main.TestSuiteExecutor.execute(TestSuiteExecutor.java:107)
	at com.kms.katalon.core.main.TestCaseMain.startTestSuite(TestCaseMain.java:186)
	at TempTestSuite1748507727570.run(TempTestSuite1748507727570.groovy:35)
	at java.base/jdk.internal.reflect.NativeMethodAccessorImpl.invoke0(Native Method)
	at java.base/jdk.internal.reflect.NativeMethodAccessorImpl.invoke(NativeMethodAccessorImpl.java:77)
	at java.base/jdk.internal.reflect.DelegatingMethodAccessorImpl.invoke(DelegatingMethodAccessorImpl.java:43)
Caused by: com.kms.katalon.core.exception.StepFailedException: Text 'abc 123' is not present on page 
	at com.kms.katalon.core.webui.keyword.internal.WebUIKeywordMain.stepFailed(WebUIKeywordMain.groovy:117)
	at com.kms.katalon.core.webui.keyword.builtin.VerifyTextPresentKeyword$_verifyTextPresent_closure1.doCall(VerifyTextPresentKeyword.groovy:79)
	at com.kms.katalon.core.webui.keyword.builtin.VerifyTextPresentKeyword$_verifyTextPresent_closure1.call(VerifyTextPresentKeyword.groovy)
	at com.kms.katalon.core.webui.keyword.internal.WebUIKeywordMain.runKeyword(WebUIKeywordMain.groovy:35)
	... 70 more]]></system-err>
      </testcase>
      <system-out><![CDATA[29-05-2025T15:35:33 - [TEST_STEP][PASSED] - Start listener action : sampleBeforeTestSuite: null

29-05-2025T15:35:33 - [TEST_STEP][PASSED] - KatalonHelper.updateInfo(): null

29-05-2025T15:35:33 - [TEST_SUITE][FAILED] - Retry failed executions immediately: Test Cases/Main Test Cases/TC7_Verify Successful Failed FAILED.
Reason:
com.kms.katalon.core.exception.StepFailedException: Unable to verify text 'abc 123' is present 
	at com.kms.katalon.core.webui.keyword.internal.WebUIKeywordMain.stepFailed(WebUIKeywordMain.groovy:117)
	at com.kms.katalon.core.webui.keyword.internal.WebUIKeywordMain.runKeyword(WebUIKeywordMain.groovy:43)
	at com.kms.katalon.core.webui.keyword.builtin.VerifyTextPresentKeyword.verifyTextPresent(VerifyTextPresentKeyword.groovy:83)
	at com.kms.katalon.core.webui.keyword.builtin.VerifyTextPresentKeyword.execute(VerifyTextPresentKeyword.groovy:68)
	at com.kms.katalon.core.keyword.internal.KeywordExecutor.executeKeywordForPlatform(KeywordExecutor.groovy:74)
	at com.kms.katalon.core.webui.keyword.WebUiBuiltInKeywords.verifyTextPresent(WebUiBuiltInKeywords.groovy:1799)
	at TC7_Verify Successful Failed.run(TC7_Verify Successful Failed:13)
	at com.kms.katalon.core.main.ScriptEngine.run(ScriptEngine.java:194)
	at com.kms.katalon.core.main.ScriptEngine.runScriptAsRawText(ScriptEngine.java:119)
	at com.kms.katalon.core.main.TestCaseExecutor.runScript(TestCaseExecutor.java:486)
	at com.kms.katalon.core.main.TestCaseExecutor.doExecute(TestCaseExecutor.java:477)
	at com.kms.katalon.core.main.TestCaseExecutor.processExecutionPhase(TestCaseExecutor.java:456)
	at com.kms.katalon.core.main.TestCaseExecutor.accessMainPhase(TestCaseExecutor.java:448)
	at com.kms.katalon.core.main.TestCaseExecutor.execute(TestCaseExecutor.java:322)
	at com.kms.katalon.core.common.CommonExecutor.accessTestCaseMainPhase(CommonExecutor.java:71)
	at com.kms.katalon.core.main.TestSuiteExecutor.accessTestSuiteMainPhase(TestSuiteExecutor.java:160)
	at com.kms.katalon.core.main.TestSuiteExecutor.execute(TestSuiteExecutor.java:107)
	at com.kms.katalon.core.main.TestCaseMain.startTestSuite(TestCaseMain.java:186)
	at TempTestSuite1748507727570.run(TempTestSuite1748507727570.groovy:35)
	at java.base/jdk.internal.reflect.NativeMethodAccessorImpl.invoke0(Native Method)
	at java.base/jdk.internal.reflect.NativeMethodAccessorImpl.invoke(NativeMethodAccessorImpl.java:77)
	at java.base/jdk.internal.reflect.DelegatingMethodAccessorImpl.invoke(DelegatingMethodAccessorImpl.java:43)
Caused by: com.kms.katalon.core.exception.StepFailedException: Text 'abc 123' is not present on page 
	at com.kms.katalon.core.webui.keyword.internal.WebUIKeywordMain.stepFailed(WebUIKeywordMain.groovy:117)
	at com.kms.katalon.core.webui.keyword.builtin.VerifyTextPresentKeyword$_verifyTextPresent_closure1.doCall(VerifyTextPresentKeyword.groovy:79)
	at com.kms.katalon.core.webui.keyword.builtin.VerifyTextPresentKeyword$_verifyTextPresent_closure1.call(VerifyTextPresentKeyword.groovy)
	at com.kms.katalon.core.webui.keyword.internal.WebUIKeywordMain.runKeyword(WebUIKeywordMain.groovy:35)
	... 20 more]]></system-out>
      <system-err><![CDATA[29-05-2025T15:35:33 - [TEST_SUITE][FAILED] - Retry failed executions immediately: Test Cases/Main Test Cases/TC7_Verify Successful Failed FAILED.
Reason:
com.kms.katalon.core.exception.StepFailedException: Unable to verify text 'abc 123' is present 
	at com.kms.katalon.core.webui.keyword.internal.WebUIKeywordMain.stepFailed(WebUIKeywordMain.groovy:117)
	at com.kms.katalon.core.webui.keyword.internal.WebUIKeywordMain.runKeyword(WebUIKeywordMain.groovy:43)
	at com.kms.katalon.core.webui.keyword.builtin.VerifyTextPresentKeyword.verifyTextPresent(VerifyTextPresentKeyword.groovy:83)
	at com.kms.katalon.core.webui.keyword.builtin.VerifyTextPresentKeyword.execute(VerifyTextPresentKeyword.groovy:68)
	at com.kms.katalon.core.keyword.internal.KeywordExecutor.executeKeywordForPlatform(KeywordExecutor.groovy:74)
	at com.kms.katalon.core.webui.keyword.WebUiBuiltInKeywords.verifyTextPresent(WebUiBuiltInKeywords.groovy:1799)
	at TC7_Verify Successful Failed.run(TC7_Verify Successful Failed:13)
	at com.kms.katalon.core.main.ScriptEngine.run(ScriptEngine.java:194)
	at com.kms.katalon.core.main.ScriptEngine.runScriptAsRawText(ScriptEngine.java:119)
	at com.kms.katalon.core.main.TestCaseExecutor.runScript(TestCaseExecutor.java:486)
	at com.kms.katalon.core.main.TestCaseExecutor.doExecute(TestCaseExecutor.java:477)
	at com.kms.katalon.core.main.TestCaseExecutor.processExecutionPhase(TestCaseExecutor.java:456)
	at com.kms.katalon.core.main.TestCaseExecutor.accessMainPhase(TestCaseExecutor.java:448)
	at com.kms.katalon.core.main.TestCaseExecutor.execute(TestCaseExecutor.java:322)
	at com.kms.katalon.core.common.CommonExecutor.accessTestCaseMainPhase(CommonExecutor.java:71)
	at com.kms.katalon.core.main.TestSuiteExecutor.accessTestSuiteMainPhase(TestSuiteExecutor.java:160)
	at com.kms.katalon.core.main.TestSuiteExecutor.execute(TestSuiteExecutor.java:107)
	at com.kms.katalon.core.main.TestCaseMain.startTestSuite(TestCaseMain.java:186)
	at TempTestSuite1748507727570.run(TempTestSuite1748507727570.groovy:35)
	at java.base/jdk.internal.reflect.NativeMethodAccessorImpl.invoke0(Native Method)
	at java.base/jdk.internal.reflect.NativeMethodAccessorImpl.invoke(NativeMethodAccessorImpl.java:77)
	at java.base/jdk.internal.reflect.DelegatingMethodAccessorImpl.invoke(DelegatingMethodAccessorImpl.java:43)
Caused by: com.kms.katalon.core.exception.StepFailedException: Text 'abc 123' is not present on page 
	at com.kms.katalon.core.webui.keyword.internal.WebUIKeywordMain.stepFailed(WebUIKeywordMain.groovy:117)
	at com.kms.katalon.core.webui.keyword.builtin.VerifyTextPresentKeyword$_verifyTextPresent_closure1.doCall(VerifyTextPresentKeyword.groovy:79)
	at com.kms.katalon.core.webui.keyword.builtin.VerifyTextPresentKeyword$_verifyTextPresent_closure1.call(VerifyTextPresentKeyword.groovy)
	at com.kms.katalon.core.webui.keyword.internal.WebUIKeywordMain.runKeyword(WebUIKeywordMain.groovy:35)
	... 20 more]]></system-err>
   </testsuite>
</testsuites>
